(2020-02-10 09:00:05.888589-05:00) TSLA stable
(2020-02-10 09:01:04.810703-05:00) TSLA stable
(2020-02-10 09:02:03.592615-05:00) TSLA stable
(2020-02-10 09:03:03.323508-05:00) TSLA stable
(2020-02-10 09:04:02.810791-05:00) TSLA stable
(2020-02-10 09:05:02.545988-05:00) TSLA stable
(2020-02-10 09:06:03.165384-05:00) TSLA stable
(2020-02-10 09:07:03.105273-05:00) TSLA stable
(2020-02-10 09:08:02.762429-05:00) TSLA stable
(2020-02-10 09:09:03.876675-05:00) TSLA stable
(2020-02-10 09:10:03.467173-05:00) TSLA stable
(2020-02-10 09:11:02.644883-05:00) TSLA stable
(2020-02-10 09:12:04.108825-05:00) TSLA stable
(2020-02-10 09:13:02.819975-05:00) TSLA stable
(2020-02-10 09:14:02.986492-05:00) TSLA stable
(2020-02-10 09:15:02.810904-05:00) TSLA stable
(2020-02-10 09:16:03.410544-05:00) TSLA stable
(2020-02-10 09:17:03.717366-05:00) TSLA stable
(2020-02-10 09:18:03.232734-05:00) TSLA stable
(2020-02-10 09:19:02.521134-05:00) TSLA stable
(2020-02-10 09:20:03.931506-05:00) TSLA stable
(2020-02-10 09:21:03.569854-05:00) TSLA stable
(2020-02-10 09:22:03.152791-05:00) TSLA stable
(2020-02-10 09:23:03.548290-05:00) TSLA stable
(2020-02-10 09:24:02.905628-05:00) TSLA stable
(2020-02-10 09:25:06.635998-05:00) TSLA stable
(2020-02-10 09:26:05.075432-05:00) TSLA stable
(2020-02-10 09:27:02.663479-05:00) TSLA stable
(2020-02-10 09:28:03.436605-05:00) TSLA stable
(2020-02-10 09:29:03.332136-05:00) TSLA stable
(2020-02-10 09:30:04.064849-05:00) TSLA stable
(2020-02-10 09:31:08.286113-05:00) TSLA overbought
(2020-02-10 09:32:12.830894-05:00) TSLA overbought
(2020-02-10 09:33:09.346190-05:00) TSLA overbought
(2020-02-10 09:34:07.300154-05:00) TSLA stable
(2020-02-10 09:35:08.855706-05:00) TSLA stable
(2020-02-10 09:36:07.636260-05:00) TSLA stable
(2020-02-10 09:37:10.876960-05:00) TSLA overbought
(2020-02-10 09:39:52.416935-05:00) TSLA stable
(2020-02-10 09:40:08.400004-05:00) TSLA overbought
(2020-02-10 09:41:08.569847-05:00) TSLA stable
(2020-02-10 09:42:06.670606-05:00) AAPL stable
(2020-02-10 09:43:08.241307-05:00) AAPL stable
(2020-02-10 09:44:08.211312-05:00) AAPL stable
(2020-02-10 09:45:07.335483-05:00) AAPL stable
(2020-02-10 09:46:06.416864-05:00) AAPL stable
(2020-02-10 09:47:06.487114-05:00) AAPL stable
(2020-02-10 09:48:07.049404-05:00) AAPL stable
(2020-02-10 09:49:06.655445-05:00) AAPL stable
(2020-02-10 09:50:09.983842-05:00) AAPL stable
(2020-02-10 09:51:06.274779-05:00) AAPL stable
(2020-02-10 09:52:09.428510-05:00) AAPL stable
(2020-02-10 09:53:09.268130-05:00) AAPL stable
(2020-02-10 09:54:30.305014-05:00) AAPL stable
(2020-02-10 09:55:08.314908-05:00) AAPL stable
(2020-02-10 09:56:07.483999-05:00) AAPL stable
(2020-02-10 09:57:08.161970-05:00) AAPL stable
(2020-02-10 09:58:09.101731-05:00) AAPL stable
(2020-02-10 09:59:07.504257-05:00) AAPL stable
(2020-02-10 11:43:08.534522-05:00) AAPL stable
(2020-02-10 11:44:09.264313-05:00) AAPL stable
(2020-02-10 11:45:12.480009-05:00) AAPL stable
(2020-02-10 11:46:11.135095-05:00) AAPL stable
(2020-02-10 11:47:09.220010-05:00) AAPL stable
(2020-02-10 11:48:10.209353-05:00) AAPL stable
(2020-02-10 11:49:10.341683-05:00) AAPL stable
(2020-02-10 11:50:13.359907-05:00) AAPL stable
(2020-02-10 11:51:09.301564-05:00) AAPL stable
(2020-02-10 11:52:10.671563-05:00) AAPL stable
(2020-02-10 11:53:08.435033-05:00) AAPL stable
(2020-02-10 11:54:10.076516-05:00) AAPL stable
(2020-02-10 11:55:08.227801-05:00) AAPL stable
(2020-02-10 11:56:10.051356-05:00) AAPL stable
(2020-02-10 11:57:07.327187-05:00) AAPL stable
(2020-02-10 11:58:06.739299-05:00) AAPL stable
(2020-02-10 11:59:08.983340-05:00) AAPL stable
(2020-02-10 12:00:11.707759-05:00) AAPL stable
(2020-02-10 12:01:09.563918-05:00) AAPL stable
(2020-02-10 12:02:10.601241-05:00) AAPL stable
(2020-02-10 12:03:08.974961-05:00) AAPL stable
(2020-02-10 12:04:09.136529-05:00) AAPL stable
(2020-02-10 12:05:07.532234-05:00) AAPL stable
(2020-02-10 12:06:09.493496-05:00) AAPL stable
(2020-02-10 12:07:07.440335-05:00) AAPL stable
(2020-02-10 12:08:08.034656-05:00) AAPL stable
(2020-02-10 12:09:07.595204-05:00) AAPL stable
(2020-02-10 12:10:11.183947-05:00) AAPL stable
(2020-02-10 12:11:08.064903-05:00) AAPL stable
(2020-02-10 12:12:08.224609-05:00) AAPL stable
(2020-02-10 12:13:09.672226-05:00) AAPL stable
(2020-02-10 12:14:07.204001-05:00) AAPL stable
(2020-02-10 12:15:09.226418-05:00) AAPL stable
(2020-02-10 12:16:11.262836-05:00) AAPL stable
(2020-02-10 12:17:07.949071-05:00) AAPL stable
(2020-02-10 12:18:09.501956-05:00) AAPL stable
(2020-02-10 12:19:08.985342-05:00) AAPL stable
(2020-02-10 12:20:08.106773-05:00) AAPL stable
(2020-02-10 12:21:10.109341-05:00) AAPL stable
(2020-02-10 12:22:08.351991-05:00) AAPL stable
(2020-02-10 12:23:09.062851-05:00) AAPL stable
(2020-02-10 12:24:07.450934-05:00) AAPL stable
(2020-02-10 12:25:09.622277-05:00) AAPL stable
(2020-02-10 12:26:09.993837-05:00) SNAP stable
(2020-02-10 12:27:08.839403-05:00) SNAP stable
(2020-02-10 12:28:11.063108-05:00) SNAP overbought
(2020-02-10 12:29:09.328075-05:00) SNAP overbought
(2020-02-10 12:30:12.621417-05:00) SNAP stable
(2020-02-10 12:31:10.406013-05:00) SNAP stable
(2020-02-10 12:32:08.914820-05:00) SNAP stable
(2020-02-10 13:30:14.960796-05:00) SNAP stable
(2020-02-10 13:31:10.370575-05:00) SNAP stable
(2020-02-10 13:32:07.863399-05:00) SNAP stable
(2020-02-10 13:33:10.141182-05:00) SNAP stable
(2020-02-10 13:34:10.486867-05:00) SNAP stable
(2020-02-10 13:35:08.979801-05:00) SNAP stable
(2020-02-10 13:36:12.783906-05:00) SNAP overbought
(2020-02-10 13:37:07.637570-05:00) SNAP overbought
(2020-02-10 13:38:11.861085-05:00) SNAP overbought
(2020-02-10 13:39:08.719802-05:00) SNAP stable
(2020-02-10 13:40:12.021881-05:00) SNAP stable
(2020-02-10 13:41:10.846459-05:00) SNAP stable
(2020-02-10 13:42:09.462527-05:00) SNAP stable
(2020-02-10 13:43:10.274671-05:00) SNAP overbought
(2020-02-10 13:44:11.776267-05:00) SNAP stable
(2020-02-10 13:45:10.877056-05:00) SNAP stable
(2020-02-10 13:46:11.231174-05:00) SNAP stable
(2020-02-10 13:47:10.922130-05:00) SNAP stable
(2020-02-10 13:48:09.396151-05:00) SNAP oversold
(2020-02-10 13:49:11.489571-05:00) SNAP stable
(2020-02-10 13:50:09.647551-05:00) SNAP stable
(2020-02-10 13:51:11.488061-05:00) SNAP stable
(2020-02-10 13:52:12.070851-05:00) SNAP stable
(2020-02-10 13:53:11.312299-05:00) SNAP stable
(2020-02-10 13:54:11.487620-05:00) SNAP stable
(2020-02-10 13:55:10.570226-05:00) SNAP overbought
(2020-02-10 13:56:12.641546-05:00) TSLA stable
(2020-02-10 13:57:10.449588-05:00) TSLA stable
(2020-02-10 14:00:15.144637-05:00) TSLA stable
(2020-02-10 14:01:10.514402-05:00) TSLA stable
(2020-02-10 14:02:09.479795-05:00) TSLA stable
(2020-02-10 14:03:09.531482-05:00) TSLA stable
(2020-02-10 14:05:11.921984-05:00) TSLA overbought
(2020-02-10 14:06:14.290665-05:00) TSLA overbought
(2020-02-10 14:07:10.612135-05:00) TSLA overbought
(2020-02-10 14:08:14.592368-05:00) TSLA overbought
(2020-02-10 14:09:15.313907-05:00) TSLA stable
(2020-02-10 14:10:13.635379-05:00) TSLA stable
(2020-02-10 14:11:11.484936-05:00) TSLA stable
(2020-02-10 14:12:11.460570-05:00) TSLA stable
(2020-02-10 14:13:09.755085-05:00) TSLA stable
(2020-02-10 14:14:13.609725-05:00) TSLA stable
(2020-02-10 14:15:13.593985-05:00) TSLA stable
(2020-02-10 14:16:14.183568-05:00) TSLA stable
(2020-02-10 14:17:10.722390-05:00) TSLA stable
(2020-02-10 14:18:14.645526-05:00) TSLA stable
(2020-02-10 14:19:13.841215-05:00) TSLA stable
(2020-02-10 14:20:11.107117-05:00) TSLA stable
(2020-02-10 14:21:13.652320-05:00) TSLA stable
(2020-02-10 14:22:13.574567-05:00) TSLA stable
(2020-02-10 14:23:11.286043-05:00) TSLA stable
(2020-02-10 14:24:11.773248-05:00) TSLA stable
(2020-02-10 14:25:11.648575-05:00) TSLA stable
(2020-02-10 14:26:14.721284-05:00) TSLA stable
(2020-02-10 14:27:11.035996-05:00) TSLA stable
(2020-02-10 14:28:07.276461-05:00) TSLA stable
(2020-02-10 14:29:11.702650-05:00) TSLA stable
(2020-02-10 14:30:12.497067-05:00) TSLA stable
(2020-02-10 14:31:12.037743-05:00) TSLA stable
(2020-02-10 14:32:08.052024-05:00) TSLA stable
(2020-02-10 14:33:10.253895-05:00) TSLA stable
(2020-02-10 14:34:08.589544-05:00) TSLA stable
(2020-02-10 14:35:09.365524-05:00) TSLA stable
(2020-02-10 14:36:12.340446-05:00) TSLA stable
(2020-02-10 14:37:11.705806-05:00) TSLA stable
(2020-02-10 14:38:09.213268-05:00) TSLA stable
(2020-02-10 14:39:08.703062-05:00) TSLA stable
(2020-02-10 14:40:11.669715-05:00) TSLA stable
(2020-02-10 14:41:12.952555-05:00) TSLA stable
(2020-02-10 14:43:08.749855-05:00) TSLA stable
(2020-02-10 14:44:10.620890-05:00) TSLA stable
(2020-02-10 14:45:09.802704-05:00) TSLA stable
(2020-02-10 14:46:09.774672-05:00) TSLA stable
(2020-02-10 14:47:09.057308-05:00) TSLA stable
(2020-02-10 14:48:09.864476-05:00) TSLA stable
(2020-02-10 14:50:08.055959-05:00) TSLA stable
(2020-02-10 14:51:09.813852-05:00) TSLA stable
(2020-02-10 15:02:10.833171-05:00) TSLA stable
(2020-02-10 15:03:10.730761-05:00) TSLA stable
(2020-02-11 09:00:06.324038-05:00) AAPL overbought
(2020-02-11 09:02:08.442955-05:00) AAPL overbought
(2020-02-11 09:03:02.867106-05:00) AAPL overbought
(2020-02-11 09:04:03.297700-05:00) AAPL overbought
(2020-02-11 09:05:04.333891-05:00) AAPL overbought
(2020-02-11 09:06:04.261963-05:00) AAPL overbought
(2020-02-11 09:07:03.220004-05:00) AAPL overbought
(2020-02-11 09:08:01.928276-05:00) AAPL overbought
(2020-02-11 09:09:03.946721-05:00) AAPL overbought
(2020-02-11 09:10:04.375429-05:00) AAPL overbought
(2020-02-11 09:11:03.451921-05:00) AAPL overbought
(2020-02-11 09:12:03.870220-05:00) AAPL overbought
(2020-02-11 09:13:03.793774-05:00) AAPL overbought
(2020-02-11 09:14:03.403376-05:00) AAPL overbought
(2020-02-11 09:15:02.347229-05:00) AAPL overbought
(2020-02-11 09:16:04.202280-05:00) AAPL overbought
(2020-02-11 09:17:02.122974-05:00) AAPL overbought
(2020-02-11 09:18:02.355408-05:00) AAPL overbought
(2020-02-11 09:19:02.683049-05:00) AAPL overbought
(2020-02-11 09:20:04.333134-05:00) AAPL overbought
(2020-02-11 09:21:03.749409-05:00) AAPL overbought
(2020-02-11 09:22:03.921456-05:00) AAPL overbought
(2020-02-11 09:23:03.869383-05:00) AAPL overbought
(2020-02-11 09:24:03.960504-05:00) AAPL overbought
(2020-02-11 09:25:04.084501-05:00) AAPL overbought
(2020-02-11 09:26:03.751542-05:00) AAPL overbought
(2020-02-11 09:27:03.435487-05:00) AAPL overbought
(2020-02-11 09:28:03.021405-05:00) AAPL overbought
(2020-02-11 09:29:02.905957-05:00) AAPL overbought
(2020-02-11 09:30:06.487897-05:00) AAPL overbought
(2020-02-11 09:31:08.422654-05:00) AAPL overbought
(2020-02-11 09:32:10.640135-05:00) AAPL overbought
(2020-02-11 09:33:08.036110-05:00) AAPL stable
(2020-02-11 09:34:10.451128-05:00) AAPL stable
(2020-02-11 09:35:07.917583-05:00) AAPL stable
(2020-02-11 09:36:10.610724-05:00) AAPL stable
(2020-02-11 09:37:08.317231-05:00) AAPL stable
(2020-02-11 09:38:07.750715-05:00) AAPL stable
(2020-02-11 09:39:07.943026-05:00) AAPL stable
(2020-02-11 09:40:11.003279-05:00) AAPL stable
(2020-02-11 09:41:08.828891-05:00) AAPL stable
(2020-02-11 09:42:10.498563-05:00) AAPL stable
(2020-02-11 09:43:10.281361-05:00) AAPL stable
(2020-02-11 09:44:09.988578-05:00) AAPL stable
(2020-02-11 09:45:07.907728-05:00) AAPL stable
(2020-02-11 09:46:07.574161-05:00) AAPL stable
(2020-02-11 09:47:07.409557-05:00) AAPL stable
(2020-02-11 09:48:11.323965-05:00) SNAP stable
(2020-02-11 09:49:08.625272-05:00) SNAP stable
(2020-02-11 09:50:11.750132-05:00) SNAP oversold
(2020-02-11 09:51:10.486527-05:00) SNAP stable
(2020-02-11 09:52:10.438730-05:00) SNAP stable
(2020-02-11 09:53:09.420322-05:00) SNAP stable
(2020-02-11 09:54:08.326495-05:00) SNAP stable
(2020-02-11 09:55:10.382090-05:00) SNAP stable
(2020-02-11 09:56:12.769067-05:00) SNAP stable
(2020-02-11 09:57:10.919528-05:00) SNAP overbought
(2020-02-11 09:58:12.764481-05:00) SNAP overbought
(2020-02-11 09:59:09.619882-05:00) SNAP overbought
(2020-02-11 10:00:12.870411-05:00) SNAP stable
(2020-02-11 10:01:10.880360-05:00) SNAP stable
(2020-02-11 10:02:11.657524-05:00) SNAP stable
(2020-02-11 10:03:10.676479-05:00) SNAP stable
(2020-02-11 10:04:11.194009-05:00) SNAP stable
(2020-02-11 10:05:10.061665-05:00) SNAP stable
(2020-02-11 10:06:09.114725-05:00) SNAP stable
(2020-02-11 10:07:15.575015-05:00) SNAP stable
(2020-02-11 11:20:13.357303-05:00) SNAP stable
(2020-02-11 11:22:09.527854-05:00) SNAP stable
(2020-02-11 11:23:08.696855-05:00) SNAP stable
(2020-02-11 11:24:09.013208-05:00) SNAP stable
(2020-02-11 11:25:11.960435-05:00) SNAP stable
(2020-02-11 11:26:10.270952-05:00) SNAP stable
(2020-02-11 11:27:06.198508-05:00) SNAP stable
