(2020-02-18 20:19:02.490239-05:00) AAPL stable
(2020-02-18 20:20:04.155628-05:00) AAPL stable
(2020-02-18 20:21:02.009772-05:00) AAPL stable
(2020-02-18 20:22:01.911377-05:00) AAPL stable
(2020-02-18 20:23:02.585905-05:00) AAPL stable
(2020-02-18 20:24:02.295211-05:00) AAPL stable
(2020-02-18 20:25:02.153390-05:00) AAPL stable
(2020-02-18 20:26:02.223611-05:00) AAPL stable
(2020-02-18 20:27:01.989136-05:00) AAPL stable
(2020-02-18 20:28:02.541405-05:00) AAPL stable
(2020-02-18 20:29:02.611923-05:00) AAPL stable
(2020-02-18 20:30:02.695238-05:00) AAPL stable
(2020-02-19 11:41:11.281111-05:00) AAPL stable
(2020-02-19 11:42:08.250824-05:00) AAPL stable
(2020-02-19 11:43:06.383225-05:00) AAPL stable
(2020-02-19 11:44:11.582239-05:00) AAPL oversold
(2020-02-19 11:45:11.496037-05:00) AAPL oversold
(2020-02-19 11:46:10.468567-05:00) AAPL oversold
(2020-02-19 11:47:13.036386-05:00) AAPL oversold
(2020-02-19 11:48:07.954824-05:00) AAPL stable
(2020-02-19 11:49:08.775901-05:00) AAPL stable
(2020-02-19 11:50:09.583791-05:00) AAPL stable
(2020-02-19 11:51:09.269525-05:00) AAPL stable
(2020-02-19 11:52:07.580336-05:00) AAPL stable
(2020-02-19 11:53:15.954550-05:00) AAPL stable
(2020-02-19 11:54:09.096015-05:00) AAPL stable
(2020-02-19 11:56:07.541263-05:00) AAPL stable
(2020-02-19 11:57:11.770501-05:00) AAPL stable
(2020-02-19 11:58:13.577191-05:00) AAPL stable
(2020-02-19 11:59:10.937501-05:00) AAPL oversold
(2020-02-19 12:00:13.526009-05:00) AAPL oversold
(2020-02-19 12:01:08.388232-05:00) AAPL oversold
(2020-02-19 12:02:13.511517-05:00) AAPL stable
(2020-02-19 12:03:09.704833-05:00) AAPL stable
(2020-02-19 12:04:08.609527-05:00) AAPL stable
(2020-02-19 12:05:09.871981-05:00) AAPL stable
(2020-02-19 12:06:09.962288-05:00) AAPL stable
(2020-02-19 12:07:10.163088-05:00) AAPL stable
(2020-02-19 12:09:11.097051-05:00) AAPL stable
(2020-02-19 12:10:09.442268-05:00) AAPL stable
(2020-02-19 12:11:09.368413-05:00) AAPL stable
(2020-02-19 12:12:07.576270-05:00) AAPL stable
(2020-02-19 12:13:10.824502-05:00) AAPL stable
(2020-02-19 12:14:12.682911-05:00) AAPL stable
(2020-02-19 12:15:11.297941-05:00) AAPL stable
(2020-02-19 12:16:12.716347-05:00) AAPL stable
(2020-02-19 12:17:09.392094-05:00) AAPL stable
(2020-02-19 12:18:09.335054-05:00) AAPL stable
(2020-02-19 12:19:08.834719-05:00) AAPL stable
(2020-02-19 12:20:09.657043-05:00) AAPL stable
(2020-02-19 12:21:13.757137-05:00) AAPL stable
(2020-02-19 12:22:11.847705-05:00) AAPL stable
(2020-02-19 12:23:10.231124-05:00) AAPL stable
(2020-02-19 12:24:11.007191-05:00) AAPL stable
(2020-02-19 12:26:09.798775-05:00) AAPL stable
(2020-02-19 12:27:04.059439-05:00) AAPL stable
(2020-02-19 12:28:08.364486-05:00) AAPL stable
(2020-02-19 12:29:09.958710-05:00) AAPL stable
(2020-02-19 12:30:14.257180-05:00) AAPL stable
(2020-02-19 12:31:08.607647-05:00) AAPL stable
(2020-02-19 12:32:09.447525-05:00) AAPL stable
(2020-02-19 12:33:10.076697-05:00) AAPL stable
(2020-02-19 12:34:09.073048-05:00) AAPL stable
(2020-02-19 12:35:09.250732-05:00) AAPL stable
(2020-02-19 12:36:11.173949-05:00) AAPL stable
(2020-02-19 12:37:12.584518-05:00) AAPL stable
(2020-02-19 12:38:09.886529-05:00) AAPL stable
(2020-02-19 12:39:10.534306-05:00) AAPL stable
(2020-02-19 12:40:13.558226-05:00) AAPL stable
(2020-02-19 12:41:10.951813-05:00) AAPL stable
(2020-02-19 12:42:09.206439-05:00) AAPL stable
(2020-02-19 12:44:09.359656-05:00) AAPL stable
(2020-02-19 12:45:13.517489-05:00) AAPL stable
(2020-02-19 12:46:10.774570-05:00) AAPL stable
(2020-02-19 12:47:14.358413-05:00) AAPL stable
(2020-02-19 12:48:09.931141-05:00) AAPL stable
(2020-02-19 12:49:11.797317-05:00) AAPL stable
(2020-02-19 12:50:10.171277-05:00) AAPL stable
(2020-02-19 12:51:08.182100-05:00) AAPL stable
(2020-02-19 12:52:08.762610-05:00) AAPL stable
(2020-02-19 12:54:11.522864-05:00) AAPL stable
(2020-02-19 12:57:10.729337-05:00) AAPL stable
(2020-02-19 12:58:11.402060-05:00) AAPL stable
(2020-02-19 12:59:08.906958-05:00) AAPL stable
(2020-02-19 13:00:11.381077-05:00) AAPL stable
(2020-02-19 13:01:13.279926-05:00) AAPL stable
(2020-02-19 13:02:10.687361-05:00) AAPL stable
(2020-02-19 13:03:11.701907-05:00) AAPL oversold
(2020-02-19 13:04:12.475700-05:00) AAPL oversold
(2020-02-19 13:05:11.382713-05:00) AAPL stable
(2020-02-19 13:06:11.696286-05:00) AAPL stable
(2020-02-19 13:07:07.550496-05:00) AAPL stable
(2020-02-19 13:08:13.007302-05:00) AAPL stable
(2020-02-19 13:10:04.090351-05:00) AAPL stable
(2020-02-19 13:11:07.618893-05:00) AAPL oversold
(2020-02-19 13:12:09.325255-05:00) AAPL oversold
(2020-02-19 13:13:10.835035-05:00) AAPL stable
(2020-02-19 13:14:10.967656-05:00) AAPL stable
(2020-02-19 13:15:10.256975-05:00) AAPL stable
(2020-02-19 13:16:08.452232-05:00) AAPL stable
(2020-02-19 13:17:05.414806-05:00) AAPL stable
(2020-02-19 13:18:08.422352-05:00) AAPL stable
(2020-02-19 13:19:05.563043-05:00) AAPL stable
(2020-02-19 13:20:11.165790-05:00) AAPL stable
(2020-02-19 13:21:09.768420-05:00) AAPL stable
(2020-02-19 13:22:12.818268-05:00) AAPL stable
(2020-02-19 13:23:08.507121-05:00) AAPL stable
(2020-02-19 13:24:09.060012-05:00) AAPL stable
(2020-02-19 13:25:10.962315-05:00) AAPL stable
(2020-02-19 13:26:10.094928-05:00) AAPL stable
(2020-02-19 13:27:04.662413-05:00) AAPL stable
(2020-02-19 13:28:10.171880-05:00) AAPL stable
(2020-02-19 13:29:09.104984-05:00) AAPL stable
(2020-02-19 13:30:15.678336-05:00) AAPL stable
(2020-02-19 13:31:12.318326-05:00) AAPL stable
(2020-02-19 13:32:10.165227-05:00) AAPL stable
(2020-02-19 13:33:10.977512-05:00) AAPL oversold
(2020-02-19 13:34:09.880554-05:00) AAPL oversold
(2020-02-19 13:36:08.216765-05:00) AAPL oversold
(2020-02-19 13:37:09.469708-05:00) AAPL stable
(2020-02-19 13:38:10.900801-05:00) AAPL stable
(2020-02-19 13:39:04.945956-05:00) AAPL stable
(2020-02-19 13:40:14.705781-05:00) AAPL stable
(2020-02-19 13:41:10.631620-05:00) AAPL stable
(2020-02-19 13:42:10.789295-05:00) AAPL stable
(2020-02-19 13:44:07.832078-05:00) AAPL stable
(2020-02-19 13:45:10.213044-05:00) AAPL stable
(2020-02-19 13:46:10.231480-05:00) AAPL stable
(2020-02-19 13:48:12.090406-05:00) AAPL stable
(2020-02-19 13:49:07.246338-05:00) AAPL stable
(2020-02-19 13:50:09.504022-05:00) AAPL stable
(2020-02-19 13:51:06.583803-05:00) AAPL stable
(2020-02-19 13:52:12.713923-05:00) AAPL stable
(2020-02-19 13:53:12.022404-05:00) AAPL stable
(2020-02-19 13:54:07.819296-05:00) AAPL stable
(2020-02-19 13:55:09.940564-05:00) AAPL stable
(2020-02-19 13:56:12.264699-05:00) AAPL stable
(2020-02-19 13:57:13.944955-05:00) AAPL stable
(2020-02-19 13:58:10.110541-05:00) AAPL stable
(2020-02-19 13:59:10.304506-05:00) AAPL stable
(2020-02-19 14:00:09.329754-05:00) AAPL stable
(2020-02-19 14:01:16.942151-05:00) AAPL stable
(2020-02-19 14:02:10.041726-05:00) AAPL stable
(2020-02-19 14:03:08.919486-05:00) AAPL stable
(2020-02-19 14:04:08.518953-05:00) AAPL stable
(2020-02-19 14:05:09.142503-05:00) AAPL stable
(2020-02-19 14:06:10.798157-05:00) AAPL stable
(2020-02-19 14:07:12.638996-05:00) AAPL stable
(2020-02-19 14:08:12.624075-05:00) AAPL stable
(2020-02-19 14:09:14.607807-05:00) AAPL stable
(2020-02-19 14:10:12.571552-05:00) AAPL stable
(2020-02-19 14:11:13.595171-05:00) AAPL stable
(2020-02-19 14:12:12.417082-05:00) AAPL stable
(2020-02-19 14:13:10.850467-05:00) AAPL stable
(2020-02-19 14:14:11.467057-05:00) AAPL stable
(2020-02-19 14:15:15.980302-05:00) AAPL stable
(2020-02-19 14:16:11.292394-05:00) AAPL stable
(2020-02-19 14:17:10.375326-05:00) AAPL stable
(2020-02-19 14:18:09.086692-05:00) AAPL stable
(2020-02-19 14:19:09.039324-05:00) AAPL stable
(2020-02-19 14:21:06.034117-05:00) AAPL stable
(2020-02-19 14:22:11.944423-05:00) AAPL stable
(2020-02-19 14:23:09.690854-05:00) AAPL stable
(2020-02-19 14:24:10.494335-05:00) AAPL stable
(2020-02-19 14:25:11.874606-05:00) AAPL stable
(2020-02-19 14:27:10.168667-05:00) AAPL stable
(2020-02-19 14:28:09.261216-05:00) AAPL stable
(2020-02-19 14:29:10.355153-05:00) AAPL stable
(2020-02-19 14:30:13.756192-05:00) AAPL stable
(2020-02-19 14:31:09.786602-05:00) AAPL stable
(2020-02-19 14:32:13.898268-05:00) AAPL stable
(2020-02-19 14:33:11.096371-05:00) AAPL stable
(2020-02-19 14:34:05.061863-05:00) AAPL stable
(2020-02-19 14:35:08.226420-05:00) AAPL stable
(2020-02-19 14:36:08.736147-05:00) AAPL stable
(2020-02-19 14:37:11.916968-05:00) AAPL stable
(2020-02-19 14:38:09.649343-05:00) AAPL stable
(2020-02-19 14:39:09.366600-05:00) AAPL stable
(2020-02-19 14:40:11.941434-05:00) AAPL stable
(2020-02-19 14:41:08.710005-05:00) AAPL stable
(2020-02-19 14:42:10.406912-05:00) AAPL stable
(2020-02-19 14:43:10.007093-05:00) AAPL stable
(2020-02-19 14:44:11.465580-05:00) AAPL stable
(2020-02-19 14:45:12.589961-05:00) AAPL stable
(2020-02-19 14:46:11.806939-05:00) AAPL stable
(2020-02-19 14:47:08.819176-05:00) AAPL stable
(2020-02-19 14:48:10.603785-05:00) AAPL stable
(2020-02-19 14:49:10.879786-05:00) AAPL stable
(2020-02-19 14:50:09.831457-05:00) AAPL stable
(2020-02-19 14:51:11.910903-05:00) AAPL stable
(2020-02-19 14:52:09.508273-05:00) AAPL stable
(2020-02-19 14:53:10.281806-05:00) AAPL stable
(2020-02-19 14:54:10.807989-05:00) AAPL stable
(2020-02-19 14:55:12.570701-05:00) AAPL stable
(2020-02-19 14:56:12.693858-05:00) AAPL stable
(2020-02-19 14:57:10.830518-05:00) AAPL stable
(2020-02-19 14:58:12.521291-05:00) AAPL stable
(2020-02-19 14:59:09.522762-05:00) AAPL stable
(2020-02-19 15:00:17.926542-05:00) AAPL stable
(2020-02-19 15:01:09.529136-05:00) AAPL stable
(2020-02-19 15:02:10.251726-05:00) AAPL stable
(2020-02-19 15:03:09.533671-05:00) AAPL stable
(2020-02-19 15:04:13.564568-05:00) AAPL stable
(2020-02-19 15:05:12.555513-05:00) AAPL stable
(2020-02-19 15:06:10.174516-05:00) AAPL stable
(2020-02-19 15:07:07.134619-05:00) AAPL stable
(2020-02-19 15:08:08.647534-05:00) AAPL stable
(2020-02-19 15:09:12.843951-05:00) AAPL stable
(2020-02-19 15:10:10.407065-05:00) AAPL stable
(2020-02-19 15:11:09.167553-05:00) AAPL stable
(2020-02-19 15:12:09.307633-05:00) AAPL stable
(2020-02-19 15:13:08.383540-05:00) AAPL stable
(2020-02-19 15:14:09.106130-05:00) AAPL stable
(2020-02-19 15:15:10.147814-05:00) AAPL stable
(2020-02-19 15:17:13.015632-05:00) AAPL stable
(2020-02-19 15:18:08.581913-05:00) AAPL stable
(2020-02-19 15:19:09.556944-05:00) AAPL stable
(2020-02-19 16:25:02.652877-05:00) AAPL stable
(2020-02-19 16:26:03.897010-05:00) AAPL stable
(2020-02-19 16:27:02.372347-05:00) AAPL stable
(2020-02-19 16:28:02.682437-05:00) AAPL stable
(2020-02-19 16:29:02.164202-05:00) AAPL stable
(2020-02-19 16:30:05.971048-05:00) AAPL stable
(2020-02-19 16:31:06.120915-05:00) AAPL stable
(2020-02-19 16:32:01.927166-05:00) AAPL stable
(2020-02-19 16:33:03.627712-05:00) AAPL stable
(2020-02-19 16:34:02.616287-05:00) AAPL stable
(2020-02-19 16:35:04.160920-05:00) AAPL stable
(2020-02-19 16:36:02.731152-05:00) AAPL stable
(2020-02-19 16:37:02.478708-05:00) AAPL stable
(2020-02-19 16:38:02.756003-05:00) AAPL stable
(2020-02-19 16:39:02.680856-05:00) AAPL stable
(2020-02-19 16:40:03.181757-05:00) AAPL stable
(2020-02-19 16:41:02.547977-05:00) AAPL stable
(2020-02-19 16:42:03.855371-05:00) AAPL stable
(2020-02-19 16:43:02.747912-05:00) AAPL stable
(2020-02-19 16:44:03.715707-05:00) AAPL stable
(2020-02-19 16:45:03.770156-05:00) AAPL stable
(2020-02-19 16:46:03.038086-05:00) AAPL stable
(2020-02-19 16:47:02.831327-05:00) AAPL stable
(2020-02-19 16:48:03.017788-05:00) AAPL stable
(2020-02-19 16:49:02.199752-05:00) AAPL stable
(2020-02-19 16:50:02.664507-05:00) AAPL stable
(2020-02-19 16:51:02.960442-05:00) AAPL stable
(2020-02-19 16:52:03.489362-05:00) AAPL stable
(2020-02-19 16:53:02.993690-05:00) AAPL stable
(2020-02-19 16:54:02.073116-05:00) AAPL stable
(2020-02-19 16:55:02.890016-05:00) AAPL stable
(2020-02-19 16:56:03.144186-05:00) AAPL stable
(2020-02-19 16:57:03.126483-05:00) AAPL stable
(2020-02-19 16:58:01.614450-05:00) AAPL stable
(2020-02-19 16:59:02.229552-05:00) AAPL stable
(2020-02-20 09:46:36.985598-05:00) AAPL stable
(2020-02-20 09:47:06.969775-05:00) AAPL stable
(2020-02-20 09:48:07.751452-05:00) AAPL stable
(2020-02-20 09:49:08.943897-05:00) AAPL stable
(2020-02-20 09:50:10.880771-05:00) AAPL stable
(2020-02-20 09:51:08.853596-05:00) AAPL stable
(2020-02-20 09:52:09.157529-05:00) AAPL stable
(2020-02-20 09:53:08.302495-05:00) AAPL stable
(2020-02-20 09:54:07.311977-05:00) AAPL stable
(2020-02-20 09:55:07.782743-05:00) AAPL stable
(2020-02-20 09:56:09.854866-05:00) AAPL stable
(2020-02-20 09:57:10.367918-05:00) AAPL stable
(2020-02-20 09:58:09.742908-05:00) AAPL stable
(2020-02-20 09:59:08.203561-05:00) AAPL stable
(2020-02-20 10:00:09.778823-05:00) AAPL stable
(2020-02-20 10:01:11.178990-05:00) AAPL stable
(2020-02-20 10:02:09.384389-05:00) AAPL stable
(2020-02-20 10:03:08.581273-05:00) NVDA stable
(2020-02-20 10:04:09.324204-05:00) NVDA stable
(2020-02-20 10:05:10.898450-05:00) NVDA stable
(2020-02-20 10:06:09.206207-05:00) NVDA stable
(2020-02-20 10:07:09.130398-05:00) NVDA stable
(2020-02-20 10:08:08.301673-05:00) NVDA stable
(2020-02-20 10:09:09.444189-05:00) NVDA stable
(2020-02-20 10:10:10.532092-05:00) NVDA stable
(2020-02-20 10:11:07.942955-05:00) NVDA stable
(2020-02-20 10:12:08.535846-05:00) NVDA stable
(2020-02-20 10:13:09.669328-05:00) NVDA stable
(2020-02-20 10:14:07.654679-05:00) NVDA stable
(2020-02-20 10:15:08.869083-05:00) NVDA stable
(2020-02-20 10:16:11.242278-05:00) NVDA stable
(2020-02-20 10:17:08.486752-05:00) NVDA stable
(2020-02-20 10:18:10.409341-05:00) NVDA stable
(2020-02-20 10:19:06.590034-05:00) NVDA stable
(2020-02-20 10:20:10.494523-05:00) NVDA stable
(2020-02-20 10:21:09.556844-05:00) NVDA stable
(2020-02-20 10:22:09.495261-05:00) NVDA stable
(2020-02-20 10:23:08.038870-05:00) NVDA stable
(2020-02-20 10:24:08.683675-05:00) NVDA oversold
(2020-02-20 12:33:58.001356-05:00) NVDA stable
(2020-02-20 12:34:06.590530-05:00) NVDA stable
(2020-02-20 12:38:46.074601-05:00) NVDA stable
(2020-02-20 12:44:34.297864-05:00) NVDA stable
(2020-02-20 12:45:11.657032-05:00) NVDA stable
(2020-02-20 13:43:10.820866-05:00) NVDA stable
(2020-02-20 13:44:35.198801-05:00) NVDA stable
(2020-02-20 13:45:09.390075-05:00) NVDA stable
(2020-02-20 13:46:08.782469-05:00) NVDA stable
(2020-02-20 13:47:09.013284-05:00) NVDA stable
(2020-02-20 13:48:07.191595-05:00) NVDA stable
(2020-02-20 13:49:09.106324-05:00) NVDA stable
(2020-02-20 13:50:08.221554-05:00) NVDA stable
(2020-02-20 13:51:09.358019-05:00) NVDA stable
(2020-02-20 13:52:08.738201-05:00) NVDA stable
(2020-02-20 13:53:10.915572-05:00) NVDA stable
(2020-02-20 13:54:07.271524-05:00) NVDA stable
(2020-02-20 13:55:10.549575-05:00) NVDA stable
(2020-02-20 13:56:10.208212-05:00) NVDA stable
(2020-02-20 13:57:07.113898-05:00) NVDA stable
(2020-02-20 13:58:16.045448-05:00) NVDA stable
(2020-02-20 13:59:06.942289-05:00) NVDA stable
(2020-02-20 14:00:10.533568-05:00) NVDA stable
(2020-02-20 14:01:10.495301-05:00) NVDA stable
(2020-02-20 14:02:10.136341-05:00) NVDA stable
(2020-02-20 14:03:08.313308-05:00) NVDA stable
(2020-02-20 14:08:35.917930-05:00) NVDA stable
(2020-02-20 14:09:07.927610-05:00) NVDA stable
(2020-02-20 14:10:10.029977-05:00) NVDA stable
(2020-02-20 14:11:10.760115-05:00) NVDA stable
(2020-02-20 14:12:08.489522-05:00) NVDA stable
(2020-02-20 14:13:07.426884-05:00) NVDA stable
(2020-02-20 14:14:11.840214-05:00) NVDA stable
(2020-02-20 14:15:22.365801-05:00) NVDA stable
(2020-02-20 14:16:08.940317-05:00) NVDA stable
(2020-02-20 14:17:20.513555-05:00) NVDA stable
(2020-02-20 14:18:07.855186-05:00) NVDA stable
(2020-02-20 14:19:07.880619-05:00) NVDA stable
(2020-02-20 14:20:07.547363-05:00) NVDA stable
(2020-02-20 14:21:07.215680-05:00) NVDA stable
(2020-02-20 14:22:06.637897-05:00) NVDA stable
(2020-02-20 14:23:08.394834-05:00) NVDA stable
(2020-02-20 14:24:09.380103-05:00) NVDA stable
(2020-02-20 14:25:10.803984-05:00) NVDA stable
(2020-02-20 14:26:08.682354-05:00) NVDA stable
(2020-02-20 14:27:11.320425-05:00) NVDA stable
(2020-02-20 14:28:06.892200-05:00) NVDA stable
(2020-02-20 14:30:07.950375-05:00) NVDA stable
(2020-02-20 14:31:11.231655-05:00) NVDA stable
(2020-02-20 14:32:06.498138-05:00) NVDA stable
(2020-02-20 14:33:10.922546-05:00) NVDA stable
(2020-02-20 14:34:08.440060-05:00) NVDA stable
(2020-02-20 14:35:09.022392-05:00) NVDA stable
(2020-02-20 14:36:07.058741-05:00) NVDA stable
(2020-02-20 14:37:08.335003-05:00) NVDA stable
(2020-02-20 14:38:13.172128-05:00) NVDA stable
(2020-02-20 14:39:08.750159-05:00) NVDA stable
(2020-02-20 14:40:06.178317-05:00) NVDA stable
(2020-02-20 14:41:08.043506-05:00) NVDA stable
(2020-02-20 14:42:07.924690-05:00) NVDA stable
(2020-02-20 14:43:08.041719-05:00) NVDA stable
(2020-02-20 14:44:06.105519-05:00) NVDA stable
(2020-02-20 14:45:11.090181-05:00) NVDA stable
(2020-02-20 14:46:07.619565-05:00) NVDA stable
(2020-02-20 14:47:08.942333-05:00) NVDA stable
(2020-02-20 14:48:08.403113-05:00) NVDA stable
(2020-02-20 14:50:46.397785-05:00) NVDA stable
(2020-02-20 14:51:09.659955-05:00) NVDA stable
(2020-02-20 14:52:07.800107-05:00) NVDA stable
(2020-02-20 14:53:11.578450-05:00) NVDA stable
(2020-02-20 14:54:07.229430-05:00) NVDA stable
(2020-02-20 14:55:10.478457-05:00) NVDA stable
(2020-02-20 14:56:09.755950-05:00) NVDA stable
(2020-02-20 14:57:09.988993-05:00) NVDA stable
(2020-02-20 14:58:07.343502-05:00) NVDA stable
(2020-02-20 14:59:07.166868-05:00) NVDA stable
(2020-02-20 15:00:11.541400-05:00) NVDA stable
(2020-02-20 15:01:10.583239-05:00) NVDA stable
(2020-02-20 15:02:10.005395-05:00) NVDA stable
(2020-02-20 15:03:11.830944-05:00) NVDA stable
(2020-02-20 15:04:07.975191-05:00) NVDA stable
(2020-02-20 15:06:09.238815-05:00) NVDA stable
(2020-02-20 15:07:07.773221-05:00) NVDA stable
(2020-02-20 15:08:07.871369-05:00) NVDA stable
(2020-02-20 15:09:11.632092-05:00) NVDA stable
(2020-02-20 15:10:10.996793-05:00) NVDA stable
(2020-02-20 15:12:07.526256-05:00) NVDA oversold
(2020-02-20 15:13:09.857879-05:00) NVDA oversold
(2020-02-20 15:14:10.911959-05:00) NVDA oversold
(2020-02-20 15:15:09.880221-05:00) NVDA stable
(2020-02-20 15:16:07.498857-05:00) NVDA stable
(2020-02-20 15:17:09.398101-05:00) NVDA stable
(2020-02-20 15:18:07.688959-05:00) NVDA stable
(2020-02-20 15:19:07.489966-05:00) NVDA stable
(2020-02-20 15:20:07.922833-05:00) NVDA stable
(2020-02-20 15:21:09.488456-05:00) NVDA stable
(2020-02-20 15:22:10.013206-05:00) NVDA stable
(2020-02-20 15:23:08.555717-05:00) NVDA stable
(2020-02-20 15:24:10.080294-05:00) NVDA stable
(2020-02-20 15:25:09.924288-05:00) NVDA stable
(2020-02-20 15:26:07.513587-05:00) NVDA stable
(2020-02-20 15:27:09.287785-05:00) NVDA stable
(2020-02-20 15:28:07.496826-05:00) NVDA stable
(2020-02-20 15:29:10.870461-05:00) NVDA stable
(2020-02-20 15:35:16.603081-05:00) NVDA stable
(2020-02-20 15:36:06.414618-05:00) NVDA stable
(2020-02-20 15:38:08.245242-05:00) NVDA stable
(2020-02-20 15:39:07.761682-05:00) NVDA stable
(2020-02-20 15:40:07.811583-05:00) NVDA stable
(2020-02-20 15:41:08.958949-05:00) NVDA stable
(2020-02-20 15:42:07.904270-05:00) NVDA stable
(2020-02-20 15:43:07.674295-05:00) NVDA stable
(2020-02-20 15:44:06.591374-05:00) NVDA stable
(2020-02-20 15:45:10.121171-05:00) NVDA stable
(2020-02-20 15:46:10.210685-05:00) NVDA stable
(2020-02-20 15:47:08.258906-05:00) NVDA stable
(2020-02-20 15:48:09.447597-05:00) NVDA stable
(2020-02-20 15:49:12.224330-05:00) NVDA stable
(2020-02-20 15:51:10.095347-05:00) NVDA oversold
(2020-02-20 15:52:06.886703-05:00) NVDA stable
(2020-02-20 15:53:07.967874-05:00) NVDA stable
(2020-02-20 15:54:07.056016-05:00) NVDA stable
(2020-02-20 15:56:34.761190-05:00) NVDA stable
(2020-02-20 15:57:08.266594-05:00) NVDA stable
(2020-02-20 15:58:08.973916-05:00) NVDA stable
(2020-02-20 15:59:08.765990-05:00) NVDA stable
(2020-02-20 16:00:11.665771-05:00) NVDA stable
(2020-02-20 16:01:07.205497-05:00) NVDA stable
(2020-02-20 16:02:03.689630-05:00) NVDA stable
(2020-02-20 16:03:03.928355-05:00) NVDA stable
(2020-02-20 16:04:03.878220-05:00) NVDA stable
(2020-02-20 16:05:04.474809-05:00) NVDA stable
(2020-02-20 16:06:02.909531-05:00) NVDA stable
(2020-02-20 16:07:03.777426-05:00) NVDA stable
(2020-02-20 16:08:02.484983-05:00) NVDA stable
(2020-02-20 16:09:02.788564-05:00) NVDA stable
(2020-02-20 16:10:02.829268-05:00) NVDA stable
(2020-02-20 16:11:02.906288-05:00) NVDA stable
(2020-02-20 16:12:04.118427-05:00) NVDA stable
(2020-02-20 16:13:02.623975-05:00) NVDA stable
(2020-02-20 16:14:03.484029-05:00) NVDA stable
(2020-02-20 16:15:03.305910-05:00) NVDA stable
(2020-02-20 16:16:03.333163-05:00) NVDA stable
(2020-02-20 16:17:02.613383-05:00) NVDA stable
(2020-02-20 16:18:03.611293-05:00) NVDA stable
(2020-02-20 16:19:02.198552-05:00) NVDA stable
(2020-02-20 16:20:02.210987-05:00) NVDA stable
(2020-02-20 16:21:02.470406-05:00) NVDA stable
(2020-02-20 16:22:02.739317-05:00) NVDA stable
(2020-02-20 16:23:04.837637-05:00) NVDA stable
(2020-02-20 16:24:04.281900-05:00) NVDA stable
(2020-02-20 16:25:02.682287-05:00) NVDA stable
(2020-02-20 16:26:03.178907-05:00) NVDA stable
(2020-02-20 16:27:02.912058-05:00) NVDA stable
(2020-02-20 16:28:04.026014-05:00) NVDA stable
(2020-02-20 16:29:02.415790-05:00) NVDA stable
(2020-02-20 16:30:04.606401-05:00) NVDA stable
(2020-02-20 16:31:03.144820-05:00) NVDA stable
(2020-02-20 16:32:02.471031-05:00) NVDA stable
(2020-02-20 16:33:02.739504-05:00) NVDA stable
(2020-02-20 16:34:02.681305-05:00) NVDA stable
(2020-02-20 16:35:03.055865-05:00) NVDA stable
(2020-02-20 16:36:02.287222-05:00) NVDA stable
(2020-02-20 16:37:04.101876-05:00) NVDA stable
(2020-02-20 16:38:03.273439-05:00) NVDA stable
(2020-02-20 16:39:02.586516-05:00) NVDA stable
(2020-02-20 16:40:02.735910-05:00) NVDA stable
(2020-02-20 16:41:03.503686-05:00) NVDA stable
(2020-02-20 16:42:02.317747-05:00) NVDA stable
(2020-02-20 16:43:02.688201-05:00) NVDA stable
(2020-02-20 16:44:04.064681-05:00) NVDA stable
(2020-02-20 16:45:02.610385-05:00) NVDA stable
(2020-02-20 16:46:04.324740-05:00) NVDA stable
(2020-02-20 16:47:02.508059-05:00) NVDA stable
(2020-02-20 16:48:02.928679-05:00) NVDA stable
(2020-02-20 16:49:03.482185-05:00) NVDA stable
(2020-02-20 16:50:02.401738-05:00) NVDA stable
(2020-02-20 16:51:02.381945-05:00) NVDA stable
(2020-02-20 16:52:03.859539-05:00) NVDA stable
(2020-02-20 16:53:03.243738-05:00) NVDA stable
(2020-02-20 16:54:02.323466-05:00) NVDA stable
(2020-02-20 16:55:04.063194-05:00) NVDA stable
(2020-02-20 16:56:02.309154-05:00) NVDA stable
(2020-02-20 16:57:02.360306-05:00) NVDA stable
(2020-02-20 16:58:02.700884-05:00) NVDA stable
(2020-02-20 16:59:02.900458-05:00) NVDA stable
(2020-02-21 10:53:08.457098-05:00) NVDA stable
(2020-02-21 10:54:09.398118-05:00) NVDA overbought
(2020-02-21 10:55:07.278514-05:00) NVDA stable
(2020-02-21 10:56:09.824883-05:00) NVDA stable
(2020-02-21 10:57:09.874721-05:00) NVDA stable
(2020-02-21 10:58:08.203046-05:00) NVDA stable
(2020-02-21 10:59:08.511124-05:00) NVDA stable
(2020-02-21 11:00:10.254872-05:00) NVDA stable
(2020-02-21 11:01:11.385359-05:00) NVDA stable
(2020-02-21 11:02:08.029762-05:00) NVDA stable
(2020-02-21 11:03:06.273283-05:00) NVDA stable
(2020-02-21 11:04:08.853249-05:00) NVDA stable
(2020-02-21 11:05:06.616899-05:00) NVDA overbought
(2020-02-21 11:06:07.019032-05:00) NVDA stable
(2020-02-21 11:07:07.730723-05:00) NVDA stable
(2020-02-21 11:08:07.345441-05:00) NVDA stable
(2020-02-21 11:09:07.099591-05:00) NVDA stable
(2020-02-21 11:10:06.333168-05:00) NVDA stable
(2020-02-21 11:11:09.710342-05:00) NVDA stable
(2020-02-21 11:12:08.345612-05:00) NVDA stable
(2020-02-21 11:13:10.344053-05:00) NVDA stable
(2020-02-21 11:14:07.587361-05:00) NVDA stable
(2020-02-21 11:15:14.947941-05:00) NVDA stable
(2020-02-21 11:16:08.004156-05:00) NVDA stable
(2020-02-21 11:17:06.896164-05:00) NVDA stable
(2020-02-21 11:18:05.558853-05:00) NVDA stable
(2020-02-21 11:19:06.904481-05:00) NVDA stable
(2020-02-21 11:20:12.134160-05:00) NVDA stable
(2020-02-21 11:21:06.501731-05:00) NVDA stable
(2020-02-21 11:22:06.419020-05:00) NVDA stable
(2020-02-21 11:23:07.968557-05:00) NVDA stable
(2020-02-21 11:24:07.151164-05:00) NVDA stable
(2020-02-21 11:25:07.568642-05:00) NVDA stable
(2020-02-21 11:26:07.266388-05:00) NVDA stable
(2020-02-21 11:27:08.721028-05:00) NVDA stable
(2020-02-21 11:28:06.606442-05:00) NVDA stable
(2020-02-21 11:29:07.383920-05:00) NVDA stable
(2020-02-21 11:30:09.140558-05:00) NVDA overbought
(2020-02-21 11:31:08.146389-05:00) NVDA overbought
(2020-02-21 11:32:09.348935-05:00) NVDA overbought
(2020-02-21 11:33:08.799775-05:00) NVDA overbought
(2020-02-21 11:34:08.331406-05:00) NVDA stable
(2020-02-21 11:35:08.004062-05:00) NVDA stable
(2020-02-21 11:36:03.825272-05:00) NVDA stable
(2020-02-21 11:37:08.665633-05:00) NVDA stable
(2020-02-21 11:38:09.694948-05:00) NVDA stable
(2020-02-21 11:39:08.383607-05:00) NVDA stable
(2020-02-21 11:40:08.160301-05:00) NVDA stable
(2020-02-21 11:41:07.015519-05:00) NVDA stable
(2020-02-21 11:42:06.222887-05:00) NVDA stable
(2020-02-21 11:43:08.286041-05:00) NVDA stable
(2020-02-21 11:44:08.905265-05:00) NVDA stable
(2020-02-21 11:46:14.717533-05:00) NVDA stable
(2020-02-21 12:35:53.206389-05:00) NVDA stable
(2020-02-21 12:36:09.566286-05:00) NVDA stable
(2020-02-21 12:37:07.151753-05:00) NVDA stable
(2020-02-21 12:38:05.681615-05:00) NVDA stable
(2020-02-21 12:39:06.622885-05:00) NVDA stable
(2020-02-21 12:40:08.360430-05:00) NVDA stable
(2020-02-21 12:41:07.160756-05:00) NVDA stable
(2020-02-21 12:42:09.175121-05:00) NVDA stable
(2020-02-21 12:44:06.545012-05:00) NVDA stable
(2020-02-21 12:45:10.104862-05:00) NVDA stable
(2020-02-21 12:46:08.020477-05:00) NVDA stable
(2020-02-21 12:47:07.485092-05:00) NVDA stable
(2020-02-21 12:48:07.934758-05:00) NVDA stable
(2020-02-21 12:49:06.833063-05:00) NVDA stable
(2020-02-21 12:50:08.742474-05:00) NVDA stable
Traceback (most recent call last):
  File "2period_rsi_intraday.py", line 47, in <module>
    print(two_period_rsi(ticker))
  File "2period_rsi_intraday.py", line 21, in two_period_rsi
    url_SMA = 'https://www.alphavantage.co/query?' + urllib.parse.urlencode({'time_period': '200', 'function':'SMA', 'symbol': aapl_ticker, 'interval':'1min', 'apikey': '2VNO5H70PQ6GSC98', 'series_type': 'close'})
NameError: name 'aapl_ticker' is not defined
Traceback (most recent call last):
  File "2period_rsi_intraday.py", line 47, in <module>
    print(two_period_rsi(ticker))
  File "2period_rsi_intraday.py", line 21, in two_period_rsi
    url_SMA = 'https://www.alphavantage.co/query?' + urllib.parse.urlencode({'time_period': '200', 'function':'SMA', 'symbol': aapl_ticker, 'interval':'1min', 'apikey': '2VNO5H70PQ6GSC98', 'series_type': 'close'})
NameError: name 'aapl_ticker' is not defined
Traceback (most recent call last):
  File "2period_rsi_intraday.py", line 47, in <module>
    print(two_period_rsi(ticker))
  File "2period_rsi_intraday.py", line 21, in two_period_rsi
    url_SMA = 'https://www.alphavantage.co/query?' + urllib.parse.urlencode({'time_period': '200', 'function':'SMA', 'symbol': aapl_ticker, 'interval':'1min', 'apikey': '2VNO5H70PQ6GSC98', 'series_type': 'close'})
NameError: name 'aapl_ticker' is not defined
Traceback (most recent call last):
  File "2period_rsi_intraday.py", line 47, in <module>
    print(two_period_rsi(ticker))
  File "2period_rsi_intraday.py", line 21, in two_period_rsi
    url_SMA = 'https://www.alphavantage.co/query?' + urllib.parse.urlencode({'time_period': '200', 'function':'SMA', 'symbol': aapl_ticker, 'interval':'1min', 'apikey': '2VNO5H70PQ6GSC98', 'series_type': 'close'})
NameError: name 'aapl_ticker' is not defined
Traceback (most recent call last):
  File "2period_rsi_intraday.py", line 47, in <module>
    print(two_period_rsi(ticker))
  File "2period_rsi_intraday.py", line 21, in two_period_rsi
    url_SMA = 'https://www.alphavantage.co/query?' + urllib.parse.urlencode({'time_period': '200', 'function':'SMA', 'symbol': aapl_ticker, 'interval':'1min', 'apikey': '2VNO5H70PQ6GSC98', 'series_type': 'close'})
NameError: name 'aapl_ticker' is not defined
Traceback (most recent call last):
  File "2period_rsi_intraday.py", line 47, in <module>
    print(two_period_rsi(ticker))
  File "2period_rsi_intraday.py", line 21, in two_period_rsi
    url_SMA = 'https://www.alphavantage.co/query?' + urllib.parse.urlencode({'time_period': '200', 'function':'SMA', 'symbol': aapl_ticker, 'interval':'1min', 'apikey': '2VNO5H70PQ6GSC98', 'series_type': 'close'})
NameError: name 'aapl_ticker' is not defined
Traceback (most recent call last):
  File "2period_rsi_intraday.py", line 47, in <module>
    print(two_period_rsi(ticker))
  File "2period_rsi_intraday.py", line 21, in two_period_rsi
    url_SMA = 'https://www.alphavantage.co/query?' + urllib.parse.urlencode({'time_period': '200', 'function':'SMA', 'symbol': aapl_ticker, 'interval':'1min', 'apikey': '2VNO5H70PQ6GSC98', 'series_type': 'close'})
NameError: name 'aapl_ticker' is not defined
Traceback (most recent call last):
  File "2period_rsi_intraday.py", line 47, in <module>
    print(two_period_rsi(ticker))
  File "2period_rsi_intraday.py", line 21, in two_period_rsi
    url_SMA = 'https://www.alphavantage.co/query?' + urllib.parse.urlencode({'time_period': '200', 'function':'SMA', 'symbol': aapl_ticker, 'interval':'1min', 'apikey': '2VNO5H70PQ6GSC98', 'series_type': 'close'})
NameError: name 'aapl_ticker' is not defined
Traceback (most recent call last):
  File "2period_rsi_intraday.py", line 47, in <module>
    print(two_period_rsi(ticker))
  File "2period_rsi_intraday.py", line 21, in two_period_rsi
    url_SMA = 'https://www.alphavantage.co/query?' + urllib.parse.urlencode({'time_period': '200', 'function':'SMA', 'symbol': aapl_ticker, 'interval':'1min', 'apikey': '2VNO5H70PQ6GSC98', 'series_type': 'close'})
NameError: name 'aapl_ticker' is not defined
Traceback (most recent call last):
  File "2period_rsi_intraday.py", line 47, in <module>
    print(two_period_rsi(ticker))
  File "2period_rsi_intraday.py", line 21, in two_period_rsi
    url_SMA = 'https://www.alphavantage.co/query?' + urllib.parse.urlencode({'time_period': '200', 'function':'SMA', 'symbol': aapl_ticker, 'interval':'1min', 'apikey': '2VNO5H70PQ6GSC98', 'series_type': 'close'})
NameError: name 'aapl_ticker' is not defined
Traceback (most recent call last):
  File "2period_rsi_intraday.py", line 47, in <module>
    print(two_period_rsi(ticker))
  File "2period_rsi_intraday.py", line 21, in two_period_rsi
    url_SMA = 'https://www.alphavantage.co/query?' + urllib.parse.urlencode({'time_period': '200', 'function':'SMA', 'symbol': aapl_ticker, 'interval':'1min', 'apikey': '2VNO5H70PQ6GSC98', 'series_type': 'close'})
NameError: name 'aapl_ticker' is not defined
Traceback (most recent call last):
  File "2period_rsi_intraday.py", line 47, in <module>
    print(two_period_rsi(ticker))
  File "2period_rsi_intraday.py", line 21, in two_period_rsi
    url_SMA = 'https://www.alphavantage.co/query?' + urllib.parse.urlencode({'time_period': '200', 'function':'SMA', 'symbol': aapl_ticker, 'interval':'1min', 'apikey': '2VNO5H70PQ6GSC98', 'series_type': 'close'})
NameError: name 'aapl_ticker' is not defined
Traceback (most recent call last):
  File "2period_rsi_intraday.py", line 47, in <module>
    print(two_period_rsi(ticker))
  File "2period_rsi_intraday.py", line 21, in two_period_rsi
    url_SMA = 'https://www.alphavantage.co/query?' + urllib.parse.urlencode({'time_period': '200', 'function':'SMA', 'symbol': aapl_ticker, 'interval':'1min', 'apikey': '2VNO5H70PQ6GSC98', 'series_type': 'close'})
NameError: name 'aapl_ticker' is not defined
Traceback (most recent call last):
  File "2period_rsi_intraday.py", line 47, in <module>
    print(two_period_rsi(ticker))
  File "2period_rsi_intraday.py", line 21, in two_period_rsi
    url_SMA = 'https://www.alphavantage.co/query?' + urllib.parse.urlencode({'time_period': '200', 'function':'SMA', 'symbol': aapl_ticker, 'interval':'1min', 'apikey': '2VNO5H70PQ6GSC98', 'series_type': 'close'})
NameError: name 'aapl_ticker' is not defined
Traceback (most recent call last):
  File "2period_rsi_intraday.py", line 47, in <module>
    print(two_period_rsi(ticker))
  File "2period_rsi_intraday.py", line 21, in two_period_rsi
    url_SMA = 'https://www.alphavantage.co/query?' + urllib.parse.urlencode({'time_period': '200', 'function':'SMA', 'symbol': aapl_ticker, 'interval':'1min', 'apikey': '2VNO5H70PQ6GSC98', 'series_type': 'close'})
NameError: name 'aapl_ticker' is not defined
(2020-02-21 13:24:06.823718-05:00) SPY stable
(2020-02-21 13:25:09.406341-05:00) SPY stable
(2020-02-21 13:26:07.307678-05:00) SPY stable
(2020-02-21 13:27:08.789066-05:00) SPY stable
(2020-02-21 13:28:08.370131-05:00) SPY stable
(2020-02-21 13:29:07.194039-05:00) SPY stable
(2020-02-21 13:30:10.042336-05:00) SPY stable
(2020-02-21 13:31:06.873731-05:00) SPY stable
(2020-02-21 13:32:06.648726-05:00) SPY stable
(2020-02-21 13:33:08.745600-05:00) SPY stable
(2020-02-21 13:34:06.651319-05:00) SPY stable
(2020-02-21 13:35:09.273795-05:00) SPY stable
(2020-02-21 13:36:07.444107-05:00) SPY stable
(2020-02-21 13:37:08.383184-05:00) SPY stable
Traceback (most recent call last):
  File "2period_rsi_intraday.py", line 47, in <module>
    print(two_period_rsi(ticker))
  File "2period_rsi_intraday.py", line 40, in two_period_rsi
    if (floated_SMA and floated_rsi and floated_price >= floated_SMA and floated_rsi <= 5) : 
UnboundLocalError: local variable 'floated_SMA' referenced before assignment
(2020-02-21 13:39:08.866263-05:00) SPY stable
(2020-02-21 13:40:09.298755-05:00) SPY stable
(2020-02-21 13:41:07.204907-05:00) SPY stable
(2020-02-21 13:42:06.248074-05:00) SPY stable
(2020-02-21 13:43:07.183575-05:00) SPY stable
(2020-02-21 13:44:09.630050-05:00) SPY stable
(2020-02-21 13:45:07.996625-05:00) SPY stable
(2020-02-21 13:46:07.135825-05:00) SPY stable
(2020-02-21 13:47:07.210289-05:00) SPY stable
(2020-02-21 13:48:09.159264-05:00) SPY stable
(2020-02-21 13:49:07.060272-05:00) SPY stable
(2020-02-21 13:50:08.085509-05:00) SPY stable
(2020-02-21 13:51:08.888993-05:00) SPY stable
(2020-02-21 13:52:08.503469-05:00) SPY stable
(2020-02-21 13:53:07.177025-05:00) SPY stable
(2020-02-21 13:54:06.346736-05:00) SPY stable
(2020-02-21 13:55:08.980782-05:00) SPY stable
(2020-02-21 13:56:07.636477-05:00) SPY stable
(2020-02-21 13:57:06.156750-05:00) SPY stable
(2020-02-21 13:58:07.572185-05:00) SPY stable
(2020-02-21 13:59:07.503833-05:00) SPY stable
(2020-02-21 14:00:11.103516-05:00) SPY stable
Traceback (most recent call last):
  File "2period_rsi_intraday.py", line 47, in <module>
    print(two_period_rsi(ticker))
  File "2period_rsi_intraday.py", line 40, in two_period_rsi
    if (floated_SMA and floated_rsi and floated_price >= floated_SMA and floated_rsi <= 5) : 
UnboundLocalError: local variable 'floated_SMA' referenced before assignment
(2020-02-21 14:02:06.478560-05:00) SPY stable
(2020-02-21 14:03:08.932118-05:00) SPY stable
(2020-02-21 14:04:07.756517-05:00) SPY stable
(2020-02-21 14:05:06.846264-05:00) SPY stable
(2020-02-21 14:06:10.944187-05:00) SPY stable
(2020-02-21 14:07:11.043198-05:00) SPY stable
(2020-02-21 14:08:07.248122-05:00) SPY stable
(2020-02-21 14:09:07.938737-05:00) SPY stable
(2020-02-21 14:10:09.088262-05:00) SPY stable
(2020-02-21 14:11:06.891769-05:00) SPY stable
(2020-02-21 14:12:09.931987-05:00) SPY stable
(2020-02-21 14:13:07.614853-05:00) SPY stable
(2020-02-21 14:14:08.497637-05:00) SPY stable
(2020-02-21 14:15:09.523229-05:00) SPY stable
(2020-02-21 14:16:06.935048-05:00) SPY stable
(2020-02-21 14:17:09.009940-05:00) SPY stable
(2020-02-21 14:18:06.122004-05:00) SPY stable
(2020-02-21 14:19:08.493808-05:00) SPY stable
(2020-02-21 14:20:09.418956-05:00) SPY stable
(2020-02-21 14:21:08.251606-05:00) SPY stable
(2020-02-21 14:22:07.805164-05:00) SPY stable
(2020-02-21 14:23:09.340506-05:00) SPY stable
(2020-02-21 14:24:07.912291-05:00) SPY stable
(2020-02-21 14:25:08.855527-05:00) SPY stable
(2020-02-21 14:26:06.290573-05:00) SPY stable
(2020-02-21 14:27:08.855829-05:00) SPY stable
(2020-02-21 14:28:07.578966-05:00) SPY stable
(2020-02-21 14:29:08.752105-05:00) SPY stable
(2020-02-21 14:30:11.715643-05:00) SPY stable
(2020-02-21 14:31:09.515879-05:00) SPY stable
(2020-02-21 14:32:09.681532-05:00) SPY stable
(2020-02-21 14:33:09.108710-05:00) SPY stable
Traceback (most recent call last):
  File "2period_rsi_intraday.py", line 47, in <module>
    print(two_period_rsi(ticker))
  File "2period_rsi_intraday.py", line 31, in two_period_rsi
    loaded_json_rsi = json.loads(pre_json_rsi)['Technical Analysis: RSI']
KeyError: 'Technical Analysis: RSI'
Traceback (most recent call last):
  File "2period_rsi_intraday.py", line 47, in <module>
    print(two_period_rsi(ticker))
  File "2period_rsi_intraday.py", line 31, in two_period_rsi
    loaded_json_rsi = json.loads(pre_json_rsi)['Technical Analysis: RSI']
KeyError: 'Technical Analysis: RSI'
(2020-02-21 14:36:07.963923-05:00) SPY stable
(2020-02-21 14:37:10.727257-05:00) SPY stable
Traceback (most recent call last):
  File "2period_rsi_intraday.py", line 47, in <module>
    print(two_period_rsi(ticker))
  File "2period_rsi_intraday.py", line 31, in two_period_rsi
    loaded_json_rsi = json.loads(pre_json_rsi)['Technical Analysis: RSI']
KeyError: 'Technical Analysis: RSI'
Traceback (most recent call last):
  File "2period_rsi_intraday.py", line 47, in <module>
    print(two_period_rsi(ticker))
  File "2period_rsi_intraday.py", line 25, in two_period_rsi
    pre_json_SMA = urllib.request.urlopen(url_SMA, context = ctx).read().decode()
  File "/usr/local/Cellar/python/3.7.6_1/Frameworks/Python.framework/Versions/3.7/lib/python3.7/urllib/request.py", line 222, in urlopen
    return opener.open(url, data, timeout)
  File "/usr/local/Cellar/python/3.7.6_1/Frameworks/Python.framework/Versions/3.7/lib/python3.7/urllib/request.py", line 531, in open
    response = meth(req, response)
  File "/usr/local/Cellar/python/3.7.6_1/Frameworks/Python.framework/Versions/3.7/lib/python3.7/urllib/request.py", line 641, in http_response
    'http', request, response, code, msg, hdrs)
  File "/usr/local/Cellar/python/3.7.6_1/Frameworks/Python.framework/Versions/3.7/lib/python3.7/urllib/request.py", line 569, in error
    return self._call_chain(*args)
  File "/usr/local/Cellar/python/3.7.6_1/Frameworks/Python.framework/Versions/3.7/lib/python3.7/urllib/request.py", line 503, in _call_chain
    result = func(*args)
  File "/usr/local/Cellar/python/3.7.6_1/Frameworks/Python.framework/Versions/3.7/lib/python3.7/urllib/request.py", line 649, in http_error_default
    raise HTTPError(req.full_url, code, msg, hdrs, fp)
urllib.error.HTTPError: HTTP Error 503: Service Unavailable
Traceback (most recent call last):
  File "2period_rsi_intraday.py", line 47, in <module>
    print(two_period_rsi(ticker))
  File "2period_rsi_intraday.py", line 25, in two_period_rsi
    pre_json_SMA = urllib.request.urlopen(url_SMA, context = ctx).read().decode()
  File "/usr/local/Cellar/python/3.7.6_1/Frameworks/Python.framework/Versions/3.7/lib/python3.7/urllib/request.py", line 222, in urlopen
    return opener.open(url, data, timeout)
  File "/usr/local/Cellar/python/3.7.6_1/Frameworks/Python.framework/Versions/3.7/lib/python3.7/urllib/request.py", line 531, in open
    response = meth(req, response)
  File "/usr/local/Cellar/python/3.7.6_1/Frameworks/Python.framework/Versions/3.7/lib/python3.7/urllib/request.py", line 641, in http_response
    'http', request, response, code, msg, hdrs)
  File "/usr/local/Cellar/python/3.7.6_1/Frameworks/Python.framework/Versions/3.7/lib/python3.7/urllib/request.py", line 569, in error
    return self._call_chain(*args)
  File "/usr/local/Cellar/python/3.7.6_1/Frameworks/Python.framework/Versions/3.7/lib/python3.7/urllib/request.py", line 503, in _call_chain
    result = func(*args)
  File "/usr/local/Cellar/python/3.7.6_1/Frameworks/Python.framework/Versions/3.7/lib/python3.7/urllib/request.py", line 649, in http_error_default
    raise HTTPError(req.full_url, code, msg, hdrs, fp)
urllib.error.HTTPError: HTTP Error 503: Service Unavailable
Traceback (most recent call last):
  File "2period_rsi_intraday.py", line 47, in <module>
    print(two_period_rsi(ticker))
  File "2period_rsi_intraday.py", line 25, in two_period_rsi
    pre_json_SMA = urllib.request.urlopen(url_SMA, context = ctx).read().decode()
  File "/usr/local/Cellar/python/3.7.6_1/Frameworks/Python.framework/Versions/3.7/lib/python3.7/urllib/request.py", line 222, in urlopen
    return opener.open(url, data, timeout)
  File "/usr/local/Cellar/python/3.7.6_1/Frameworks/Python.framework/Versions/3.7/lib/python3.7/urllib/request.py", line 531, in open
    response = meth(req, response)
  File "/usr/local/Cellar/python/3.7.6_1/Frameworks/Python.framework/Versions/3.7/lib/python3.7/urllib/request.py", line 641, in http_response
    'http', request, response, code, msg, hdrs)
  File "/usr/local/Cellar/python/3.7.6_1/Frameworks/Python.framework/Versions/3.7/lib/python3.7/urllib/request.py", line 569, in error
    return self._call_chain(*args)
  File "/usr/local/Cellar/python/3.7.6_1/Frameworks/Python.framework/Versions/3.7/lib/python3.7/urllib/request.py", line 503, in _call_chain
    result = func(*args)
  File "/usr/local/Cellar/python/3.7.6_1/Frameworks/Python.framework/Versions/3.7/lib/python3.7/urllib/request.py", line 649, in http_error_default
    raise HTTPError(req.full_url, code, msg, hdrs, fp)
urllib.error.HTTPError: HTTP Error 503: Service Unavailable
Traceback (most recent call last):
  File "2period_rsi_intraday.py", line 47, in <module>
    print(two_period_rsi(ticker))
  File "2period_rsi_intraday.py", line 25, in two_period_rsi
    pre_json_SMA = urllib.request.urlopen(url_SMA, context = ctx).read().decode()
  File "/usr/local/Cellar/python/3.7.6_1/Frameworks/Python.framework/Versions/3.7/lib/python3.7/urllib/request.py", line 222, in urlopen
    return opener.open(url, data, timeout)
  File "/usr/local/Cellar/python/3.7.6_1/Frameworks/Python.framework/Versions/3.7/lib/python3.7/urllib/request.py", line 531, in open
    response = meth(req, response)
  File "/usr/local/Cellar/python/3.7.6_1/Frameworks/Python.framework/Versions/3.7/lib/python3.7/urllib/request.py", line 641, in http_response
    'http', request, response, code, msg, hdrs)
  File "/usr/local/Cellar/python/3.7.6_1/Frameworks/Python.framework/Versions/3.7/lib/python3.7/urllib/request.py", line 569, in error
    return self._call_chain(*args)
  File "/usr/local/Cellar/python/3.7.6_1/Frameworks/Python.framework/Versions/3.7/lib/python3.7/urllib/request.py", line 503, in _call_chain
    result = func(*args)
  File "/usr/local/Cellar/python/3.7.6_1/Frameworks/Python.framework/Versions/3.7/lib/python3.7/urllib/request.py", line 649, in http_error_default
    raise HTTPError(req.full_url, code, msg, hdrs, fp)
urllib.error.HTTPError: HTTP Error 503: Service Unavailable
Traceback (most recent call last):
  File "2period_rsi_intraday.py", line 47, in <module>
    print(two_period_rsi(ticker))
  File "2period_rsi_intraday.py", line 25, in two_period_rsi
    pre_json_SMA = urllib.request.urlopen(url_SMA, context = ctx).read().decode()
  File "/usr/local/Cellar/python/3.7.6_1/Frameworks/Python.framework/Versions/3.7/lib/python3.7/urllib/request.py", line 222, in urlopen
    return opener.open(url, data, timeout)
  File "/usr/local/Cellar/python/3.7.6_1/Frameworks/Python.framework/Versions/3.7/lib/python3.7/urllib/request.py", line 525, in open
    response = self._open(req, data)
  File "/usr/local/Cellar/python/3.7.6_1/Frameworks/Python.framework/Versions/3.7/lib/python3.7/urllib/request.py", line 543, in _open
    '_open', req)
  File "/usr/local/Cellar/python/3.7.6_1/Frameworks/Python.framework/Versions/3.7/lib/python3.7/urllib/request.py", line 503, in _call_chain
    result = func(*args)
  File "/usr/local/Cellar/python/3.7.6_1/Frameworks/Python.framework/Versions/3.7/lib/python3.7/urllib/request.py", line 1362, in https_open
    context=self._context, check_hostname=self._check_hostname)
  File "/usr/local/Cellar/python/3.7.6_1/Frameworks/Python.framework/Versions/3.7/lib/python3.7/urllib/request.py", line 1322, in do_open
    r = h.getresponse()
  File "/usr/local/Cellar/python/3.7.6_1/Frameworks/Python.framework/Versions/3.7/lib/python3.7/http/client.py", line 1344, in getresponse
    response.begin()
  File "/usr/local/Cellar/python/3.7.6_1/Frameworks/Python.framework/Versions/3.7/lib/python3.7/http/client.py", line 306, in begin
    version, status, reason = self._read_status()
  File "/usr/local/Cellar/python/3.7.6_1/Frameworks/Python.framework/Versions/3.7/lib/python3.7/http/client.py", line 275, in _read_status
    raise RemoteDisconnected("Remote end closed connection without"
http.client.RemoteDisconnected: Remote end closed connection without response
Traceback (most recent call last):
  File "2period_rsi_intraday.py", line 47, in <module>
    print(two_period_rsi(ticker))
  File "2period_rsi_intraday.py", line 25, in two_period_rsi
    pre_json_SMA = urllib.request.urlopen(url_SMA, context = ctx).read().decode()
  File "/usr/local/Cellar/python/3.7.6_1/Frameworks/Python.framework/Versions/3.7/lib/python3.7/urllib/request.py", line 222, in urlopen
    return opener.open(url, data, timeout)
  File "/usr/local/Cellar/python/3.7.6_1/Frameworks/Python.framework/Versions/3.7/lib/python3.7/urllib/request.py", line 531, in open
    response = meth(req, response)
  File "/usr/local/Cellar/python/3.7.6_1/Frameworks/Python.framework/Versions/3.7/lib/python3.7/urllib/request.py", line 641, in http_response
    'http', request, response, code, msg, hdrs)
  File "/usr/local/Cellar/python/3.7.6_1/Frameworks/Python.framework/Versions/3.7/lib/python3.7/urllib/request.py", line 569, in error
    return self._call_chain(*args)
  File "/usr/local/Cellar/python/3.7.6_1/Frameworks/Python.framework/Versions/3.7/lib/python3.7/urllib/request.py", line 503, in _call_chain
    result = func(*args)
  File "/usr/local/Cellar/python/3.7.6_1/Frameworks/Python.framework/Versions/3.7/lib/python3.7/urllib/request.py", line 649, in http_error_default
    raise HTTPError(req.full_url, code, msg, hdrs, fp)
urllib.error.HTTPError: HTTP Error 503: Service Unavailable
(2020-02-21 14:45:46.942753-05:00) SPY stable
(2020-02-21 14:46:11.243568-05:00) SPY stable
(2020-02-21 14:47:09.839531-05:00) SPY stable
(2020-02-21 14:48:11.136973-05:00) SPY stable
(2020-02-21 14:49:07.990583-05:00) SPY stable
(2020-02-21 14:50:11.858316-05:00) SPY stable
(2020-02-21 14:51:08.227709-05:00) SPY stable
(2020-02-21 14:52:11.137593-05:00) SPY stable
(2020-02-21 14:53:10.093880-05:00) SPY stable
(2020-02-21 14:54:08.444528-05:00) SPY stable
(2020-02-21 14:55:12.365940-05:00) SPY stable
(2020-02-21 14:56:09.287532-05:00) SPY stable
(2020-02-21 14:57:08.129451-05:00) SPY stable
(2020-02-21 14:58:09.761171-05:00) SPY stable
(2020-02-21 14:59:07.768874-05:00) SPY stable
(2020-02-21 15:00:09.943518-05:00) SPY stable
Traceback (most recent call last):
  File "2period_rsi_intraday.py", line 47, in <module>
    print(two_period_rsi(ticker))
  File "2period_rsi_intraday.py", line 40, in two_period_rsi
    if (floated_SMA and floated_rsi and floated_price >= floated_SMA and floated_rsi <= 5) : 
UnboundLocalError: local variable 'floated_SMA' referenced before assignment
Traceback (most recent call last):
  File "2period_rsi_intraday.py", line 47, in <module>
    print(two_period_rsi(ticker))
  File "2period_rsi_intraday.py", line 25, in two_period_rsi
    pre_json_SMA = urllib.request.urlopen(url_SMA, context = ctx).read().decode()
  File "/usr/local/Cellar/python/3.7.6_1/Frameworks/Python.framework/Versions/3.7/lib/python3.7/urllib/request.py", line 222, in urlopen
    return opener.open(url, data, timeout)
  File "/usr/local/Cellar/python/3.7.6_1/Frameworks/Python.framework/Versions/3.7/lib/python3.7/urllib/request.py", line 531, in open
    response = meth(req, response)
  File "/usr/local/Cellar/python/3.7.6_1/Frameworks/Python.framework/Versions/3.7/lib/python3.7/urllib/request.py", line 641, in http_response
    'http', request, response, code, msg, hdrs)
  File "/usr/local/Cellar/python/3.7.6_1/Frameworks/Python.framework/Versions/3.7/lib/python3.7/urllib/request.py", line 569, in error
    return self._call_chain(*args)
  File "/usr/local/Cellar/python/3.7.6_1/Frameworks/Python.framework/Versions/3.7/lib/python3.7/urllib/request.py", line 503, in _call_chain
    result = func(*args)
  File "/usr/local/Cellar/python/3.7.6_1/Frameworks/Python.framework/Versions/3.7/lib/python3.7/urllib/request.py", line 649, in http_error_default
    raise HTTPError(req.full_url, code, msg, hdrs, fp)
urllib.error.HTTPError: HTTP Error 503: Service Unavailable
Traceback (most recent call last):
  File "2period_rsi_intraday.py", line 47, in <module>
    print(two_period_rsi(ticker))
  File "2period_rsi_intraday.py", line 25, in two_period_rsi
    pre_json_SMA = urllib.request.urlopen(url_SMA, context = ctx).read().decode()
  File "/usr/local/Cellar/python/3.7.6_1/Frameworks/Python.framework/Versions/3.7/lib/python3.7/urllib/request.py", line 222, in urlopen
    return opener.open(url, data, timeout)
  File "/usr/local/Cellar/python/3.7.6_1/Frameworks/Python.framework/Versions/3.7/lib/python3.7/urllib/request.py", line 531, in open
    response = meth(req, response)
  File "/usr/local/Cellar/python/3.7.6_1/Frameworks/Python.framework/Versions/3.7/lib/python3.7/urllib/request.py", line 641, in http_response
    'http', request, response, code, msg, hdrs)
  File "/usr/local/Cellar/python/3.7.6_1/Frameworks/Python.framework/Versions/3.7/lib/python3.7/urllib/request.py", line 569, in error
    return self._call_chain(*args)
  File "/usr/local/Cellar/python/3.7.6_1/Frameworks/Python.framework/Versions/3.7/lib/python3.7/urllib/request.py", line 503, in _call_chain
    result = func(*args)
  File "/usr/local/Cellar/python/3.7.6_1/Frameworks/Python.framework/Versions/3.7/lib/python3.7/urllib/request.py", line 649, in http_error_default
    raise HTTPError(req.full_url, code, msg, hdrs, fp)
urllib.error.HTTPError: HTTP Error 503: Service Unavailable
Traceback (most recent call last):
  File "2period_rsi_intraday.py", line 47, in <module>
    print(two_period_rsi(ticker))
  File "2period_rsi_intraday.py", line 25, in two_period_rsi
    pre_json_SMA = urllib.request.urlopen(url_SMA, context = ctx).read().decode()
  File "/usr/local/Cellar/python/3.7.6_1/Frameworks/Python.framework/Versions/3.7/lib/python3.7/urllib/request.py", line 222, in urlopen
    return opener.open(url, data, timeout)
  File "/usr/local/Cellar/python/3.7.6_1/Frameworks/Python.framework/Versions/3.7/lib/python3.7/urllib/request.py", line 531, in open
    response = meth(req, response)
  File "/usr/local/Cellar/python/3.7.6_1/Frameworks/Python.framework/Versions/3.7/lib/python3.7/urllib/request.py", line 641, in http_response
    'http', request, response, code, msg, hdrs)
  File "/usr/local/Cellar/python/3.7.6_1/Frameworks/Python.framework/Versions/3.7/lib/python3.7/urllib/request.py", line 569, in error
    return self._call_chain(*args)
  File "/usr/local/Cellar/python/3.7.6_1/Frameworks/Python.framework/Versions/3.7/lib/python3.7/urllib/request.py", line 503, in _call_chain
    result = func(*args)
  File "/usr/local/Cellar/python/3.7.6_1/Frameworks/Python.framework/Versions/3.7/lib/python3.7/urllib/request.py", line 649, in http_error_default
    raise HTTPError(req.full_url, code, msg, hdrs, fp)
urllib.error.HTTPError: HTTP Error 503: Service Unavailable
Traceback (most recent call last):
  File "2period_rsi_intraday.py", line 47, in <module>
    print(two_period_rsi(ticker))
  File "2period_rsi_intraday.py", line 25, in two_period_rsi
    pre_json_SMA = urllib.request.urlopen(url_SMA, context = ctx).read().decode()
  File "/usr/local/Cellar/python/3.7.6_1/Frameworks/Python.framework/Versions/3.7/lib/python3.7/urllib/request.py", line 222, in urlopen
    return opener.open(url, data, timeout)
  File "/usr/local/Cellar/python/3.7.6_1/Frameworks/Python.framework/Versions/3.7/lib/python3.7/urllib/request.py", line 525, in open
    response = self._open(req, data)
  File "/usr/local/Cellar/python/3.7.6_1/Frameworks/Python.framework/Versions/3.7/lib/python3.7/urllib/request.py", line 543, in _open
    '_open', req)
  File "/usr/local/Cellar/python/3.7.6_1/Frameworks/Python.framework/Versions/3.7/lib/python3.7/urllib/request.py", line 503, in _call_chain
    result = func(*args)
  File "/usr/local/Cellar/python/3.7.6_1/Frameworks/Python.framework/Versions/3.7/lib/python3.7/urllib/request.py", line 1362, in https_open
    context=self._context, check_hostname=self._check_hostname)
  File "/usr/local/Cellar/python/3.7.6_1/Frameworks/Python.framework/Versions/3.7/lib/python3.7/urllib/request.py", line 1322, in do_open
    r = h.getresponse()
  File "/usr/local/Cellar/python/3.7.6_1/Frameworks/Python.framework/Versions/3.7/lib/python3.7/http/client.py", line 1344, in getresponse
    response.begin()
  File "/usr/local/Cellar/python/3.7.6_1/Frameworks/Python.framework/Versions/3.7/lib/python3.7/http/client.py", line 306, in begin
    version, status, reason = self._read_status()
  File "/usr/local/Cellar/python/3.7.6_1/Frameworks/Python.framework/Versions/3.7/lib/python3.7/http/client.py", line 275, in _read_status
    raise RemoteDisconnected("Remote end closed connection without"
http.client.RemoteDisconnected: Remote end closed connection without response
Traceback (most recent call last):
  File "2period_rsi_intraday.py", line 47, in <module>
    print(two_period_rsi(ticker))
  File "2period_rsi_intraday.py", line 25, in two_period_rsi
    pre_json_SMA = urllib.request.urlopen(url_SMA, context = ctx).read().decode()
  File "/usr/local/Cellar/python/3.7.6_1/Frameworks/Python.framework/Versions/3.7/lib/python3.7/urllib/request.py", line 222, in urlopen
    return opener.open(url, data, timeout)
  File "/usr/local/Cellar/python/3.7.6_1/Frameworks/Python.framework/Versions/3.7/lib/python3.7/urllib/request.py", line 525, in open
    response = self._open(req, data)
  File "/usr/local/Cellar/python/3.7.6_1/Frameworks/Python.framework/Versions/3.7/lib/python3.7/urllib/request.py", line 543, in _open
    '_open', req)
  File "/usr/local/Cellar/python/3.7.6_1/Frameworks/Python.framework/Versions/3.7/lib/python3.7/urllib/request.py", line 503, in _call_chain
    result = func(*args)
  File "/usr/local/Cellar/python/3.7.6_1/Frameworks/Python.framework/Versions/3.7/lib/python3.7/urllib/request.py", line 1362, in https_open
    context=self._context, check_hostname=self._check_hostname)
  File "/usr/local/Cellar/python/3.7.6_1/Frameworks/Python.framework/Versions/3.7/lib/python3.7/urllib/request.py", line 1322, in do_open
    r = h.getresponse()
  File "/usr/local/Cellar/python/3.7.6_1/Frameworks/Python.framework/Versions/3.7/lib/python3.7/http/client.py", line 1344, in getresponse
    response.begin()
  File "/usr/local/Cellar/python/3.7.6_1/Frameworks/Python.framework/Versions/3.7/lib/python3.7/http/client.py", line 306, in begin
    version, status, reason = self._read_status()
  File "/usr/local/Cellar/python/3.7.6_1/Frameworks/Python.framework/Versions/3.7/lib/python3.7/http/client.py", line 275, in _read_status
    raise RemoteDisconnected("Remote end closed connection without"
http.client.RemoteDisconnected: Remote end closed connection without response
Traceback (most recent call last):
  File "2period_rsi_intraday.py", line 47, in <module>
    print(two_period_rsi(ticker))
  File "2period_rsi_intraday.py", line 25, in two_period_rsi
    pre_json_SMA = urllib.request.urlopen(url_SMA, context = ctx).read().decode()
  File "/usr/local/Cellar/python/3.7.6_1/Frameworks/Python.framework/Versions/3.7/lib/python3.7/urllib/request.py", line 222, in urlopen
    return opener.open(url, data, timeout)
  File "/usr/local/Cellar/python/3.7.6_1/Frameworks/Python.framework/Versions/3.7/lib/python3.7/urllib/request.py", line 525, in open
    response = self._open(req, data)
  File "/usr/local/Cellar/python/3.7.6_1/Frameworks/Python.framework/Versions/3.7/lib/python3.7/urllib/request.py", line 543, in _open
    '_open', req)
  File "/usr/local/Cellar/python/3.7.6_1/Frameworks/Python.framework/Versions/3.7/lib/python3.7/urllib/request.py", line 503, in _call_chain
    result = func(*args)
  File "/usr/local/Cellar/python/3.7.6_1/Frameworks/Python.framework/Versions/3.7/lib/python3.7/urllib/request.py", line 1362, in https_open
    context=self._context, check_hostname=self._check_hostname)
  File "/usr/local/Cellar/python/3.7.6_1/Frameworks/Python.framework/Versions/3.7/lib/python3.7/urllib/request.py", line 1322, in do_open
    r = h.getresponse()
  File "/usr/local/Cellar/python/3.7.6_1/Frameworks/Python.framework/Versions/3.7/lib/python3.7/http/client.py", line 1344, in getresponse
    response.begin()
  File "/usr/local/Cellar/python/3.7.6_1/Frameworks/Python.framework/Versions/3.7/lib/python3.7/http/client.py", line 306, in begin
    version, status, reason = self._read_status()
  File "/usr/local/Cellar/python/3.7.6_1/Frameworks/Python.framework/Versions/3.7/lib/python3.7/http/client.py", line 275, in _read_status
    raise RemoteDisconnected("Remote end closed connection without"
http.client.RemoteDisconnected: Remote end closed connection without response
Traceback (most recent call last):
  File "2period_rsi_intraday.py", line 47, in <module>
    print(two_period_rsi(ticker))
  File "2period_rsi_intraday.py", line 25, in two_period_rsi
    pre_json_SMA = urllib.request.urlopen(url_SMA, context = ctx).read().decode()
  File "/usr/local/Cellar/python/3.7.6_1/Frameworks/Python.framework/Versions/3.7/lib/python3.7/urllib/request.py", line 222, in urlopen
    return opener.open(url, data, timeout)
  File "/usr/local/Cellar/python/3.7.6_1/Frameworks/Python.framework/Versions/3.7/lib/python3.7/urllib/request.py", line 531, in open
    response = meth(req, response)
  File "/usr/local/Cellar/python/3.7.6_1/Frameworks/Python.framework/Versions/3.7/lib/python3.7/urllib/request.py", line 641, in http_response
    'http', request, response, code, msg, hdrs)
  File "/usr/local/Cellar/python/3.7.6_1/Frameworks/Python.framework/Versions/3.7/lib/python3.7/urllib/request.py", line 569, in error
    return self._call_chain(*args)
  File "/usr/local/Cellar/python/3.7.6_1/Frameworks/Python.framework/Versions/3.7/lib/python3.7/urllib/request.py", line 503, in _call_chain
    result = func(*args)
  File "/usr/local/Cellar/python/3.7.6_1/Frameworks/Python.framework/Versions/3.7/lib/python3.7/urllib/request.py", line 649, in http_error_default
    raise HTTPError(req.full_url, code, msg, hdrs, fp)
urllib.error.HTTPError: HTTP Error 503: Service Unavailable
(2020-02-21 15:09:46.541294-05:00) NVDA stable
Traceback (most recent call last):
  File "2period_rsi_intraday.py", line 47, in <module>
    print(two_period_rsi(ticker))
  File "2period_rsi_intraday.py", line 40, in two_period_rsi
    if (floated_SMA and floated_rsi and floated_price >= floated_SMA and floated_rsi <= 5) : 
UnboundLocalError: local variable 'floated_SMA' referenced before assignment
(2020-02-21 15:11:16.996272-05:00) NVDA stable
(2020-02-21 15:12:14.847572-05:00) NVDA stable
(2020-02-21 15:13:17.013146-05:00) NVDA stable
(2020-02-21 15:15:12.659320-05:00) NVDA stable
(2020-02-21 15:17:10.693543-05:00) NVDA stable
(2020-02-21 15:18:10.847442-05:00) NVDA stable
(2020-02-21 15:19:08.952808-05:00) NVDA stable
(2020-02-21 15:20:09.195062-05:00) NVDA stable
(2020-02-21 15:21:08.394077-05:00) NVDA stable
(2020-02-21 15:22:07.683897-05:00) NVDA stable
(2020-02-21 15:23:09.177449-05:00) NVDA stable
(2020-02-21 15:24:08.944497-05:00) NVDA stable
(2020-02-21 15:25:08.558844-05:00) NVDA stable
(2020-02-21 15:26:06.878083-05:00) NVDA stable
(2020-02-21 15:27:08.184608-05:00) NVDA stable
(2020-02-21 15:28:09.623490-05:00) NVDA stable
(2020-02-21 15:29:09.758229-05:00) NVDA stable
(2020-02-21 15:30:11.712511-05:00) NVDA stable
(2020-02-21 15:31:09.151179-05:00) NVDA stable
(2020-02-21 15:32:08.667042-05:00) NVDA overbought
(2020-02-21 15:54:09.762969-05:00) NVDA stable
(2020-02-21 15:55:07.906079-05:00) NVDA stable
(2020-02-21 15:56:07.493103-05:00) NVDA stable
(2020-02-21 15:57:08.643984-05:00) NVDA stable
(2020-02-21 15:58:07.053125-05:00) NVDA stable
(2020-02-21 15:59:06.893244-05:00) NVDA stable
(2020-02-21 16:00:10.719197-05:00) NVDA stable
(2020-02-21 16:01:03.140641-05:00) NVDA stable
(2020-02-21 16:02:02.744947-05:00) NVDA stable
(2020-02-21 16:03:04.422808-05:00) NVDA stable
(2020-02-21 16:04:03.001526-05:00) NVDA stable
(2020-02-21 16:05:05.182774-05:00) NVDA stable
(2020-02-21 16:06:03.356988-05:00) NVDA stable
(2020-02-21 16:07:03.493675-05:00) NVDA stable
(2020-02-21 16:08:04.420951-05:00) NVDA stable
(2020-02-21 16:09:03.513549-05:00) NVDA stable
(2020-02-21 16:10:05.174218-05:00) NVDA stable
(2020-02-21 16:11:02.664103-05:00) NVDA stable
(2020-02-21 16:12:03.443023-05:00) NVDA stable
(2020-02-21 16:13:04.162154-05:00) NVDA stable
(2020-02-21 16:14:03.250311-05:00) NVDA stable
(2020-02-21 16:15:05.007133-05:00) NVDA stable
(2020-02-21 16:16:02.138088-05:00) NVDA stable
(2020-02-21 16:17:02.472372-05:00) NVDA stable
(2020-02-21 16:18:02.767517-05:00) NVDA stable
(2020-02-21 16:19:04.149044-05:00) NVDA stable
(2020-02-21 16:20:04.942073-05:00) NVDA stable
(2020-02-21 16:21:04.016970-05:00) NVDA stable
(2020-02-21 16:22:02.288187-05:00) NVDA stable
(2020-02-21 16:23:02.490052-05:00) NVDA stable
(2020-02-21 16:24:02.346466-05:00) NVDA stable
(2020-02-21 16:25:05.581378-05:00) NVDA stable
(2020-02-21 16:26:04.665491-05:00) NVDA stable
(2020-02-21 16:27:03.547054-05:00) NVDA stable
(2020-02-21 16:28:02.629796-05:00) NVDA stable
(2020-02-21 16:29:02.858580-05:00) NVDA stable
(2020-02-21 16:30:06.746816-05:00) NVDA stable
(2020-02-21 16:31:05.486065-05:00) NVDA stable
(2020-02-21 16:32:02.673428-05:00) NVDA stable
(2020-02-21 16:33:02.981565-05:00) NVDA stable
(2020-02-21 16:34:03.810116-05:00) NVDA stable
(2020-02-21 16:35:04.236180-05:00) NVDA stable
(2020-02-21 16:36:04.231578-05:00) NVDA stable
(2020-02-21 16:37:01.893159-05:00) NVDA stable
(2020-02-21 16:38:02.922883-05:00) NVDA stable
(2020-02-21 16:39:02.681072-05:00) NVDA stable
(2020-02-21 16:40:06.837649-05:00) NVDA stable
(2020-02-21 16:41:02.831361-05:00) NVDA stable
(2020-02-21 16:42:04.086253-05:00) NVDA stable
(2020-02-21 16:43:02.956478-05:00) NVDA stable
(2020-02-21 16:44:03.760717-05:00) NVDA stable
(2020-02-21 16:45:05.939035-05:00) NVDA stable
(2020-02-21 16:46:03.631582-05:00) NVDA stable
(2020-02-21 16:47:03.091752-05:00) NVDA stable
(2020-02-21 16:48:04.297720-05:00) NVDA stable
(2020-02-21 16:49:02.283905-05:00) NVDA stable
(2020-02-21 16:50:03.940215-05:00) NVDA stable
(2020-02-21 16:51:03.846741-05:00) NVDA stable
(2020-02-21 16:52:03.241490-05:00) NVDA stable
(2020-02-21 16:53:02.224355-05:00) NVDA stable
(2020-02-21 16:54:02.444157-05:00) NVDA stable
(2020-02-21 16:55:03.493897-05:00) NVDA stable
(2020-02-21 16:56:03.265998-05:00) NVDA stable
(2020-02-21 16:57:03.656544-05:00) NVDA stable
(2020-02-21 16:58:02.711893-05:00) NVDA stable
(2020-02-21 16:59:03.215078-05:00) NVDA stable
(2020-02-24 09:00:04.597856-05:00) NVDA stable
(2020-02-24 09:01:03.516168-05:00) NVDA stable
(2020-02-24 09:02:01.814695-05:00) NVDA stable
(2020-02-24 09:03:02.126140-05:00) NVDA stable
(2020-02-24 09:04:02.752939-05:00) NVDA stable
(2020-02-24 09:05:02.624406-05:00) NVDA stable
(2020-02-24 09:06:02.706145-05:00) NVDA stable
(2020-02-24 09:07:02.331983-05:00) NVDA stable
(2020-02-24 09:08:02.695837-05:00) NVDA stable
(2020-02-24 09:09:02.333818-05:00) NVDA stable
(2020-02-24 09:10:04.076491-05:00) NVDA stable
(2020-02-24 09:11:01.896587-05:00) NVDA stable
(2020-02-24 09:12:03.037052-05:00) NVDA stable
(2020-02-24 09:13:01.916663-05:00) NVDA stable
(2020-02-24 09:14:02.893119-05:00) NVDA stable
(2020-02-24 09:15:03.525212-05:00) NVDA stable
(2020-02-24 09:16:03.325092-05:00) NVDA stable
(2020-02-24 09:17:01.939033-05:00) NVDA stable
(2020-02-24 09:18:02.184804-05:00) NVDA stable
(2020-02-24 09:19:03.531767-05:00) NVDA stable
(2020-02-24 09:20:02.907258-05:00) NVDA stable
(2020-02-24 09:21:04.849570-05:00) NVDA stable
(2020-02-24 09:22:03.686283-05:00) NVDA stable
(2020-02-24 09:23:02.734751-05:00) NVDA stable
(2020-02-24 09:24:02.922599-05:00) NVDA stable
(2020-02-24 09:25:04.709602-05:00) NVDA stable
(2020-02-24 09:26:02.350334-05:00) NVDA stable
(2020-02-24 09:27:02.781330-05:00) NVDA stable
(2020-02-24 09:28:06.993519-05:00) NVDA stable
(2020-02-24 09:58:09.979476-05:00) NVDA stable
(2020-02-24 09:59:08.867441-05:00) NVDA stable
(2020-02-24 10:00:10.488526-05:00) NVDA stable
(2020-02-24 10:01:07.556859-05:00) NVDA stable
(2020-02-24 10:02:08.759793-05:00) NVDA stable
(2020-02-24 10:03:07.002859-05:00) NVDA stable
(2020-02-24 10:04:08.635374-05:00) NVDA stable
(2020-02-24 10:05:07.779927-05:00) NVDA stable
(2020-02-24 10:06:08.302253-05:00) NVDA stable
(2020-02-24 10:07:04.098008-05:00) NVDA stable
(2020-02-24 10:08:10.989474-05:00) NVDA stable
(2020-02-24 10:09:07.923699-05:00) NVDA stable
(2020-02-24 10:10:08.318413-05:00) NVDA stable
(2020-02-24 10:11:06.135935-05:00) NVDA stable
(2020-02-24 10:12:03.860643-05:00) NVDA stable
(2020-02-24 10:13:10.667565-05:00) NVDA stable
(2020-02-24 10:14:29.497584-05:00) NVDA stable
(2020-02-24 12:44:38.003396-05:00) NVDA stable
(2020-02-24 12:45:13.715613-05:00) NVDA stable
(2020-02-24 13:32:58.720582-05:00) NVDA stable
(2020-02-24 13:33:15.179702-05:00) NVDA stable
(2020-02-24 13:35:13.517078-05:00) NVDA stable
(2020-02-24 13:36:11.098393-05:00) NVDA stable
(2020-02-24 13:37:10.015114-05:00) NVDA stable
(2020-02-24 13:39:09.192956-05:00) NVDA stable
(2020-02-24 13:41:09.464549-05:00) NVDA stable
(2020-02-24 13:42:13.676518-05:00) NVDA stable
(2020-02-24 13:43:09.457295-05:00) NVDA stable
(2020-02-24 13:44:14.848830-05:00) NVDA stable
(2020-02-24 13:45:10.367593-05:00) NVDA stable
(2020-02-24 13:46:08.989060-05:00) MSFT stable
(2020-02-24 13:47:07.809143-05:00) MSFT stable
(2020-02-24 13:48:09.936374-05:00) MSFT stable
(2020-02-24 13:49:10.888794-05:00) MSFT stable
(2020-02-24 13:50:09.957020-05:00) MSFT stable
(2020-02-24 13:51:11.481100-05:00) MSFT stable
(2020-02-24 13:52:10.290352-05:00) MSFT stable
(2020-02-24 13:53:07.925676-05:00) MSFT stable
(2020-02-24 13:54:11.014315-05:00) MSFT stable
(2020-02-24 13:55:07.636562-05:00) MSFT stable
(2020-02-24 13:56:10.589067-05:00) MSFT stable
(2020-02-24 13:57:09.452424-05:00) MSFT stable
(2020-02-24 13:58:11.232213-05:00) MSFT stable
(2020-02-24 13:59:08.243087-05:00) MSFT stable
(2020-02-24 14:00:14.133969-05:00) MSFT stable
(2020-02-24 14:01:12.145791-05:00) MSFT stable
(2020-02-24 14:02:39.158341-05:00) MSFT stable
